2026-05-26 22:17:57,352 - __main__ - INFO - pipeline:149 - binance_btc is exist! Fetched last 31680 rows
2026-05-26 22:17:57,363 - __main__ - INFO - pipeline:155 - binance_btc is very old! Downloading fresh data...
2026-05-26 22:17:57,446 - __main__ - INFO - pipeline:205 - binance_btc
2026-05-26 22:17:57,453 - __main__ - INFO - pipeline:206 - Start parsing new data! From initialDatetime => 2025-05-26 22:17:57.446295
2026-05-26 22:18:00,546 - __main__ - INFO - pipeline:224 - binance_btc <=> 2025-05-27 14:57:00
2026-05-26 22:18:00,841 - __main__ - INFO - pipeline:224 - binance_btc <=> 2025-05-28 07:36:00
2026-05-26 22:18:01,164 - __main__ - INFO - pipeline:224 - binance_btc <=> 2025-05-29 00:15:00
2026-05-26 22:18:01,456 - __main__ - INFO - pipeline:224 - binance_btc <=> 2025-05-29 16:54:00
2026-05-26 22:18:01,751 - __main__ - INFO - pipeline:224 - binance_btc <=> 2025-05-30 09:33:00
2026-05-26 22:18:02,070 - __main__ - INFO - pipeline:224 - binance_btc <=> 2025-05-31 02:12:00
2026-05-26 22:18:02,395 - __main__ - INFO - pipeline:224 - binance_btc <=> 2025-05-31 18:51:00
2026-05-26 22:18:02,717 - __main__ - INFO - pipeline:224 - binance_btc <=> 2025-06-01 11:30:00
2026-05-26 22:18:03,018 - __main__ - INFO - pipeline:224 - binance_btc <=> 2025-06-02 04:09:00
2026-05-26 22:18:03,317 - __main__ - INFO - pipeline:224 - binance_btc <=> 2025-06-02 20:48:00
2026-05-26 22:18:03,666 - __main__ - INFO - pipeline:224 - binance_btc <=> 2025-06-03 13:27:00
2026-05-26 22:18:03,983 - __main__ - INFO - pipeline:224 - binance_btc <=> 2025-06-04 06:06:00
2026-05-26 22:18:04,274 - __main__ - INFO - pipeline:224 - binance_btc <=> 2025-06-04 22:45:00
2026-05-26 22:18:04,565 - __main__ - INFO - pipeline:224 - binance_btc <=> 2025-06-05 15:24:00
2026-05-26 22:18:04,856 - __main__ - INFO - pipeline:224 - binance_btc <=> 2025-06-06 08:03:00
2026-05-26 22:18:05,150 - __main__ - INFO - pipeline:224 - binance_btc <=> 2025-06-07 00:42:00
2026-05-26 22:18:05,443 - __main__ - INFO - pipeline:224 - binance_btc <=> 2025-06-07 17:21:00
2026-05-26 22:18:05,735 - __main__ - INFO - pipeline:224 - binance_btc <=> 2025-06-08 10:00:00
2026-05-26 22:18:06,306 - __main__ - INFO - pipeline:224 - binance_btc <=> 2025-06-09 02:39:00
2026-05-26 22:18:06,602 - __main__ - INFO - pipeline:224 - binance_btc <=> 2025-06-09 19:18:00
2026-05-26 22:18:07,126 - __main__ - INFO - pipeline:224 - binance_btc <=> 2025-06-10 11:57:00
2026-05-26 22:18:07,418 - __main__ - INFO - pipeline:224 - binance_btc <=> 2025-06-11 04:36:00
2026-05-26 22:18:07,712 - __main__ - INFO - pipeline:224 - binance_btc <=> 2025-06-11 21:15:00
2026-05-26 22:18:08,003 - __main__ - INFO - pipeline:224 - binance_btc <=> 2025-06-12 13:54:00
2026-05-26 22:18:08,294 - __main__ - INFO - pipeline:224 - binance_btc <=> 2025-06-13 06:33:00
2026-05-26 22:18:08,589 - __main__ - INFO - pipeline:224 - binance_btc <=> 2025-06-13 23:12:00
2026-05-26 22:18:08,880 - __main__ - INFO - pipeline:224 - binance_btc <=> 2025-06-14 15:51:00
2026-05-26 22:18:09,171 - __main__ - INFO - pipeline:224 - binance_btc <=> 2025-06-15 08:30:00
2026-05-26 22:18:09,468 - __main__ - INFO - pipeline:224 - binance_btc <=> 2025-06-16 01:09:00
2026-05-26 22:18:09,761 - __main__ - INFO - pipeline:224 - binance_btc <=> 2025-06-16 17:48:00
2026-05-26 22:18:10,055 - __main__ - INFO - pipeline:224 - binance_btc <=> 2025-06-17 10:27:00
2026-05-26 22:18:10,349 - __main__ - INFO - pipeline:224 - binance_btc <=> 2025-06-18 03:06:00
2026-05-26 22:18:10,862 - __main__ - INFO - pipeline:224 - binance_btc <=> 2025-06-18 19:45:00
2026-05-26 22:18:11,158 - __main__ - INFO - pipeline:224 - binance_btc <=> 2025-06-19 12:24:00
2026-05-26 22:18:11,482 - __main__ - INFO - pipeline:224 - binance_btc <=> 2025-06-20 05:03:00
2026-05-26 22:18:11,772 - __main__ - INFO - pipeline:224 - binance_btc <=> 2025-06-20 21:42:00
2026-05-26 22:18:12,070 - __main__ - INFO - pipeline:224 - binance_btc <=> 2025-06-21 14:21:00
2026-05-26 22:18:12,389 - __main__ - INFO - pipeline:224 - binance_btc <=> 2025-06-22 07:00:00
2026-05-26 22:18:12,686 - __main__ - INFO - pipeline:224 - binance_btc <=> 2025-06-22 23:39:00
2026-05-26 22:18:12,981 - __main__ - INFO - pipeline:224 - binance_btc <=> 2025-06-23 16:18:00
2026-05-26 22:18:13,300 - __main__ - INFO - pipeline:224 - binance_btc <=> 2025-06-24 08:57:00
2026-05-26 22:18:14,037 - __main__ - INFO - pipeline:224 - binance_btc <=> 2025-06-25 01:36:00
2026-05-26 22:18:14,605 - __main__ - INFO - pipeline:224 - binance_btc <=> 2025-06-25 18:15:00
2026-05-26 22:18:15,119 - __main__ - INFO - pipeline:224 - binance_btc <=> 2025-06-26 10:54:00
2026-05-26 22:18:15,414 - __main__ - INFO - pipeline:224 - binance_btc <=> 2025-06-27 03:33:00
2026-05-26 22:18:15,735 - __main__ - INFO - pipeline:224 - binance_btc <=> 2025-06-27 20:12:00
2026-05-26 22:18:16,025 - __main__ - INFO - pipeline:224 - binance_btc <=> 2025-06-28 12:51:00
2026-05-26 22:18:16,320 - __main__ - INFO - pipeline:224 - binance_btc <=> 2025-06-29 05:30:00
2026-05-26 22:18:16,607 - __main__ - INFO - pipeline:224 - binance_btc <=> 2025-06-29 22:09:00
2026-05-26 22:18:16,927 - __main__ - INFO - pipeline:224 - binance_btc <=> 2025-06-30 14:48:00
2026-05-26 22:18:17,220 - __main__ - INFO - pipeline:224 - binance_btc <=> 2025-07-01 07:27:00
2026-05-26 22:18:17,512 - __main__ - INFO - pipeline:224 - binance_btc <=> 2025-07-02 00:06:00
2026-05-26 22:18:17,802 - __main__ - INFO - pipeline:224 - binance_btc <=> 2025-07-02 16:45:00
2026-05-26 22:18:18,092 - __main__ - INFO - pipeline:224 - binance_btc <=> 2025-07-03 09:24:00
2026-05-26 22:18:18,386 - __main__ - INFO - pipeline:224 - binance_btc <=> 2025-07-04 02:03:00
2026-05-26 22:18:18,679 - __main__ - INFO - pipeline:224 - binance_btc <=> 2025-07-04 18:42:00
2026-05-26 22:18:18,971 - __main__ - INFO - pipeline:224 - binance_btc <=> 2025-07-05 11:21:00
2026-05-26 22:18:19,262 - __main__ - INFO - pipeline:224 - binance_btc <=> 2025-07-06 04:00:00
2026-05-26 22:18:19,557 - __main__ - INFO - pipeline:224 - binance_btc <=> 2025-07-06 20:39:00
2026-05-26 22:18:19,848 - __main__ - INFO - pipeline:224 - binance_btc <=> 2025-07-07 13:18:00
2026-05-26 22:18:20,139 - __main__ - INFO - pipeline:224 - binance_btc <=> 2025-07-08 05:57:00
2026-05-26 22:18:20,458 - __main__ - INFO - pipeline:224 - binance_btc <=> 2025-07-08 22:36:00
2026-05-26 22:18:20,973 - __main__ - INFO - pipeline:224 - binance_btc <=> 2025-07-09 15:15:00
2026-05-26 22:18:21,291 - __main__ - INFO - pipeline:224 - binance_btc <=> 2025-07-10 07:54:00
2026-05-26 22:18:21,583 - __main__ - INFO - pipeline:224 - binance_btc <=> 2025-07-11 00:33:00
2026-05-26 22:18:21,876 - __main__ - INFO - pipeline:224 - binance_btc <=> 2025-07-11 17:12:00
2026-05-26 22:18:22,391 - __main__ - INFO - pipeline:224 - binance_btc <=> 2025-07-12 09:51:00
2026-05-26 22:18:22,903 - __main__ - INFO - pipeline:224 - binance_btc <=> 2025-07-13 02:30:00
2026-05-26 22:18:23,414 - __main__ - INFO - pipeline:224 - binance_btc <=> 2025-07-13 19:09:00
2026-05-26 22:18:24,231 - __main__ - INFO - pipeline:224 - binance_btc <=> 2025-07-14 11:48:00
2026-05-26 22:18:24,527 - __main__ - INFO - pipeline:224 - binance_btc <=> 2025-07-15 04:27:00
2026-05-26 22:18:24,819 - __main__ - INFO - pipeline:224 - binance_btc <=> 2025-07-15 21:06:00
2026-05-26 22:18:25,142 - __main__ - INFO - pipeline:224 - binance_btc <=> 2025-07-16 13:45:00
2026-05-26 22:18:25,442 - __main__ - INFO - pipeline:224 - binance_btc <=> 2025-07-17 06:24:00
2026-05-26 22:18:25,767 - __main__ - INFO - pipeline:224 - binance_btc <=> 2025-07-17 23:03:00
2026-05-26 22:18:26,063 - __main__ - INFO - pipeline:224 - binance_btc <=> 2025-07-18 15:42:00
2026-05-26 22:18:26,359 - __main__ - INFO - pipeline:224 - binance_btc <=> 2025-07-19 08:21:00
2026-05-26 22:18:26,653 - __main__ - INFO - pipeline:224 - binance_btc <=> 2025-07-20 01:00:00
2026-05-26 22:18:26,949 - __main__ - INFO - pipeline:224 - binance_btc <=> 2025-07-20 17:39:00
2026-05-26 22:18:27,243 - __main__ - INFO - pipeline:224 - binance_btc <=> 2025-07-21 10:18:00
2026-05-26 22:18:27,542 - __main__ - INFO - pipeline:224 - binance_btc <=> 2025-07-22 02:57:00
2026-05-26 22:18:27,838 - __main__ - INFO - pipeline:224 - binance_btc <=> 2025-07-22 19:36:00
2026-05-26 22:18:28,136 - __main__ - INFO - pipeline:224 - binance_btc <=> 2025-07-23 12:15:00
2026-05-26 22:18:28,427 - __main__ - INFO - pipeline:224 - binance_btc <=> 2025-07-24 04:54:00
2026-05-26 22:18:28,720 - __main__ - INFO - pipeline:224 - binance_btc <=> 2025-07-24 21:33:00
2026-05-26 22:18:29,015 - __main__ - INFO - pipeline:224 - binance_btc <=> 2025-07-25 14:12:00
2026-05-26 22:18:29,305 - __main__ - INFO - pipeline:224 - binance_btc <=> 2025-07-26 06:51:00
2026-05-26 22:18:29,601 - __main__ - INFO - pipeline:224 - binance_btc <=> 2025-07-26 23:30:00
2026-05-26 22:18:29,893 - __main__ - INFO - pipeline:224 - binance_btc <=> 2025-07-27 16:09:00
2026-05-26 22:18:30,183 - __main__ - INFO - pipeline:224 - binance_btc <=> 2025-07-28 08:48:00
2026-05-26 22:18:30,476 - __main__ - INFO - pipeline:224 - binance_btc <=> 2025-07-29 01:27:00
2026-05-26 22:18:30,770 - __main__ - INFO - pipeline:224 - binance_btc <=> 2025-07-29 18:06:00
2026-05-26 22:18:31,062 - __main__ - INFO - pipeline:224 - binance_btc <=> 2025-07-30 10:45:00
2026-05-26 22:18:31,356 - __main__ - INFO - pipeline:224 - binance_btc <=> 2025-07-31 03:24:00
2026-05-26 22:18:31,648 - __main__ - INFO - pipeline:224 - binance_btc <=> 2025-07-31 20:03:00
2026-05-26 22:18:31,939 - __main__ - INFO - pipeline:224 - binance_btc <=> 2025-08-01 12:42:00
2026-05-26 22:18:32,258 - __main__ - INFO - pipeline:224 - binance_btc <=> 2025-08-02 05:21:00
2026-05-26 22:18:32,553 - __main__ - INFO - pipeline:224 - binance_btc <=> 2025-08-02 22:00:00
2026-05-26 22:18:32,861 - __main__ - INFO - pipeline:224 - binance_btc <=> 2025-08-03 14:39:00
2026-05-26 22:18:33,152 - __main__ - INFO - pipeline:224 - binance_btc <=> 2025-08-04 07:18:00
2026-05-26 22:18:33,443 - __main__ - INFO - pipeline:224 - binance_btc <=> 2025-08-04 23:57:00
2026-05-26 22:18:33,956 - __main__ - INFO - pipeline:224 - binance_btc <=> 2025-08-05 16:36:00
2026-05-26 22:18:34,252 - __main__ - INFO - pipeline:224 - binance_btc <=> 2025-08-06 09:15:00
2026-05-26 22:18:34,548 - __main__ - INFO - pipeline:224 - binance_btc <=> 2025-08-07 01:54:00
2026-05-26 22:18:34,840 - __main__ - INFO - pipeline:224 - binance_btc <=> 2025-08-07 18:33:00
2026-05-26 22:18:35,133 - __main__ - INFO - pipeline:224 - binance_btc <=> 2025-08-08 11:12:00
2026-05-26 22:18:35,425 - __main__ - INFO - pipeline:224 - binance_btc <=> 2025-08-09 03:51:00
2026-05-26 22:18:35,732 - __main__ - INFO - pipeline:224 - binance_btc <=> 2025-08-09 20:30:00
2026-05-26 22:18:36,028 - __main__ - INFO - pipeline:224 - binance_btc <=> 2025-08-10 13:09:00
2026-05-26 22:18:36,349 - __main__ - INFO - pipeline:224 - binance_btc <=> 2025-08-11 05:48:00
2026-05-26 22:18:36,642 - __main__ - INFO - pipeline:224 - binance_btc <=> 2025-08-11 22:27:00
2026-05-26 22:18:36,970 - __main__ - INFO - pipeline:224 - binance_btc <=> 2025-08-12 15:06:00
2026-05-26 22:18:37,263 - __main__ - INFO - pipeline:224 - binance_btc <=> 2025-08-13 07:45:00
2026-05-26 22:18:37,555 - __main__ - INFO - pipeline:224 - binance_btc <=> 2025-08-14 00:24:00
2026-05-26 22:18:37,849 - __main__ - INFO - pipeline:224 - binance_btc <=> 2025-08-14 17:03:00
2026-05-26 22:18:38,168 - __main__ - INFO - pipeline:224 - binance_btc <=> 2025-08-15 09:42:00
2026-05-26 22:18:38,489 - __main__ - INFO - pipeline:224 - binance_btc <=> 2025-08-16 02:21:00
2026-05-26 22:18:38,808 - __main__ - INFO - pipeline:224 - binance_btc <=> 2025-08-16 19:00:00
2026-05-26 22:18:39,104 - __main__ - INFO - pipeline:224 - binance_btc <=> 2025-08-17 11:39:00
2026-05-26 22:18:39,425 - __main__ - INFO - pipeline:224 - binance_btc <=> 2025-08-18 04:18:00
2026-05-26 22:18:39,717 - __main__ - INFO - pipeline:224 - binance_btc <=> 2025-08-18 20:57:00
2026-05-26 22:18:40,010 - __main__ - INFO - pipeline:224 - binance_btc <=> 2025-08-19 13:36:00
2026-05-26 22:18:40,304 - __main__ - INFO - pipeline:224 - binance_btc <=> 2025-08-20 06:15:00
2026-05-26 22:18:40,628 - __main__ - INFO - pipeline:224 - binance_btc <=> 2025-08-20 22:54:00
2026-05-26 22:18:40,920 - __main__ - INFO - pipeline:224 - binance_btc <=> 2025-08-21 15:33:00
2026-05-26 22:18:41,432 - __main__ - INFO - pipeline:224 - binance_btc <=> 2025-08-22 08:12:00
2026-05-26 22:18:41,948 - __main__ - INFO - pipeline:224 - binance_btc <=> 2025-08-23 00:51:00
2026-05-26 22:18:42,766 - __main__ - INFO - pipeline:224 - binance_btc <=> 2025-08-23 17:30:00
2026-05-26 22:18:43,060 - __main__ - INFO - pipeline:224 - binance_btc <=> 2025-08-24 10:09:00
2026-05-26 22:18:43,354 - __main__ - INFO - pipeline:224 - binance_btc <=> 2025-08-25 02:48:00
2026-05-26 22:18:43,674 - __main__ - INFO - pipeline:224 - binance_btc <=> 2025-08-25 19:27:00
2026-05-26 22:18:43,970 - __main__ - INFO - pipeline:224 - binance_btc <=> 2025-08-26 12:06:00
2026-05-26 22:18:44,290 - __main__ - INFO - pipeline:224 - binance_btc <=> 2025-08-27 04:45:00
2026-05-26 22:18:44,584 - __main__ - INFO - pipeline:224 - binance_btc <=> 2025-08-27 21:24:00
2026-05-26 22:18:44,877 - __main__ - INFO - pipeline:224 - binance_btc <=> 2025-08-28 14:03:00
2026-05-26 22:18:45,172 - __main__ - INFO - pipeline:224 - binance_btc <=> 2025-08-29 06:42:00
2026-05-26 22:18:45,468 - __main__ - INFO - pipeline:224 - binance_btc <=> 2025-08-29 23:21:00
2026-05-26 22:18:45,763 - __main__ - INFO - pipeline:224 - binance_btc <=> 2025-08-30 16:00:00
2026-05-26 22:18:46,060 - __main__ - INFO - pipeline:224 - binance_btc <=> 2025-08-31 08:39:00
2026-05-26 22:18:46,355 - __main__ - INFO - pipeline:224 - binance_btc <=> 2025-09-01 01:18:00
2026-05-26 22:18:46,648 - __main__ - INFO - pipeline:224 - binance_btc <=> 2025-09-01 17:57:00
2026-05-26 22:18:46,942 - __main__ - INFO - pipeline:224 - binance_btc <=> 2025-09-02 10:36:00
2026-05-26 22:18:47,265 - __main__ - INFO - pipeline:224 - binance_btc <=> 2025-09-03 03:15:00
2026-05-26 22:18:47,587 - __main__ - INFO - pipeline:224 - binance_btc <=> 2025-09-03 19:54:00
2026-05-26 22:18:47,887 - __main__ - INFO - pipeline:224 - binance_btc <=> 2025-09-04 12:33:00
2026-05-26 22:18:48,181 - __main__ - INFO - pipeline:224 - binance_btc <=> 2025-09-05 05:12:00
2026-05-26 22:18:48,501 - __main__ - INFO - pipeline:224 - binance_btc <=> 2025-09-05 21:51:00
2026-05-26 22:18:48,790 - __main__ - INFO - pipeline:224 - binance_btc <=> 2025-09-06 14:30:00
2026-05-26 22:18:49,084 - __main__ - INFO - pipeline:224 - binance_btc <=> 2025-09-07 07:09:00
2026-05-26 22:18:49,376 - __main__ - INFO - pipeline:224 - binance_btc <=> 2025-09-07 23:48:00
2026-05-26 22:18:49,886 - __main__ - INFO - pipeline:224 - binance_btc <=> 2025-09-08 16:27:00
2026-05-26 22:18:50,206 - __main__ - INFO - pipeline:224 - binance_btc <=> 2025-09-09 09:06:00
2026-05-26 22:18:50,502 - __main__ - INFO - pipeline:224 - binance_btc <=> 2025-09-10 01:45:00
2026-05-26 22:18:51,072 - __main__ - INFO - pipeline:224 - binance_btc <=> 2025-09-10 18:24:00
2026-05-26 22:18:51,364 - __main__ - INFO - pipeline:224 - binance_btc <=> 2025-09-11 11:03:00
2026-05-26 22:18:51,658 - __main__ - INFO - pipeline:224 - binance_btc <=> 2025-09-12 03:42:00
2026-05-26 22:18:51,981 - __main__ - INFO - pipeline:224 - binance_btc <=> 2025-09-12 20:21:00
2026-05-26 22:18:52,273 - __main__ - INFO - pipeline:224 - binance_btc <=> 2025-09-13 13:00:00
2026-05-26 22:18:52,567 - __main__ - INFO - pipeline:224 - binance_btc <=> 2025-09-14 05:39:00
2026-05-26 22:18:52,859 - __main__ - INFO - pipeline:224 - binance_btc <=> 2025-09-14 22:18:00
2026-05-26 22:18:53,151 - __main__ - INFO - pipeline:224 - binance_btc <=> 2025-09-15 14:57:00
2026-05-26 22:18:53,449 - __main__ - INFO - pipeline:224 - binance_btc <=> 2025-09-16 07:36:00
2026-05-26 22:18:53,740 - __main__ - INFO - pipeline:224 - binance_btc <=> 2025-09-17 00:15:00
2026-05-26 22:18:54,033 - __main__ - INFO - pipeline:224 - binance_btc <=> 2025-09-17 16:54:00
2026-05-26 22:18:54,326 - __main__ - INFO - pipeline:224 - binance_btc <=> 2025-09-18 09:33:00
2026-05-26 22:18:54,653 - __main__ - INFO - pipeline:224 - binance_btc <=> 2025-09-19 02:12:00
2026-05-26 22:18:54,945 - __main__ - INFO - pipeline:224 - binance_btc <=> 2025-09-19 18:51:00
2026-05-26 22:18:55,235 - __main__ - INFO - pipeline:224 - binance_btc <=> 2025-09-20 11:30:00
2026-05-26 22:18:55,526 - __main__ - INFO - pipeline:224 - binance_btc <=> 2025-09-21 04:09:00
2026-05-26 22:18:55,854 - __main__ - INFO - pipeline:224 - binance_btc <=> 2025-09-21 20:48:00
2026-05-26 22:18:56,151 - __main__ - INFO - pipeline:224 - binance_btc <=> 2025-09-22 13:27:00
2026-05-26 22:18:56,445 - __main__ - INFO - pipeline:224 - binance_btc <=> 2025-09-23 06:06:00
2026-05-26 22:18:56,738 - __main__ - INFO - pipeline:224 - binance_btc <=> 2025-09-23 22:45:00
2026-05-26 22:18:57,035 - __main__ - INFO - pipeline:224 - binance_btc <=> 2025-09-24 15:24:00
2026-05-26 22:18:57,329 - __main__ - INFO - pipeline:224 - binance_btc <=> 2025-09-25 08:03:00
2026-05-26 22:18:57,621 - __main__ - INFO - pipeline:224 - binance_btc <=> 2025-09-26 00:42:00
2026-05-26 22:18:57,918 - __main__ - INFO - pipeline:224 - binance_btc <=> 2025-09-26 17:21:00
2026-05-26 22:18:58,209 - __main__ - INFO - pipeline:224 - binance_btc <=> 2025-09-27 10:00:00
2026-05-26 22:18:58,502 - __main__ - INFO - pipeline:224 - binance_btc <=> 2025-09-28 02:39:00
2026-05-26 22:18:58,824 - __main__ - INFO - pipeline:224 - binance_btc <=> 2025-09-28 19:18:00
2026-05-26 22:18:59,115 - __main__ - INFO - pipeline:224 - binance_btc <=> 2025-09-29 11:57:00
2026-05-26 22:18:59,555 - __main__ - INFO - pipeline:224 - binance_btc <=> 2025-09-30 04:36:00
2026-05-26 22:19:00,070 - __main__ - INFO - pipeline:224 - binance_btc <=> 2025-09-30 21:15:00
2026-05-26 22:19:00,361 - __main__ - INFO - pipeline:224 - binance_btc <=> 2025-10-01 13:54:00
2026-05-26 22:19:00,654 - __main__ - INFO - pipeline:224 - binance_btc <=> 2025-10-02 06:33:00
2026-05-26 22:19:00,948 - __main__ - INFO - pipeline:224 - binance_btc <=> 2025-10-02 23:12:00
2026-05-26 22:19:01,272 - __main__ - INFO - pipeline:224 - binance_btc <=> 2025-10-03 15:51:00
2026-05-26 22:19:01,564 - __main__ - INFO - pipeline:224 - binance_btc <=> 2025-10-04 08:30:00
2026-05-26 22:19:01,859 - __main__ - INFO - pipeline:224 - binance_btc <=> 2025-10-05 01:09:00
2026-05-26 22:19:02,154 - __main__ - INFO - pipeline:224 - binance_btc <=> 2025-10-05 17:48:00
2026-05-26 22:19:02,669 - __main__ - INFO - pipeline:224 - binance_btc <=> 2025-10-06 10:27:00
2026-05-26 22:19:02,964 - __main__ - INFO - pipeline:224 - binance_btc <=> 2025-10-07 03:06:00
2026-05-26 22:19:03,258 - __main__ - INFO - pipeline:224 - binance_btc <=> 2025-10-07 19:45:00
2026-05-26 22:19:03,615 - __main__ - INFO - pipeline:224 - binance_btc <=> 2025-10-08 12:24:00
2026-05-26 22:19:03,916 - __main__ - INFO - pipeline:224 - binance_btc <=> 2025-10-09 05:03:00
2026-05-26 22:19:04,210 - __main__ - INFO - pipeline:224 - binance_btc <=> 2025-10-09 21:42:00
2026-05-26 22:19:04,505 - __main__ - INFO - pipeline:224 - binance_btc <=> 2025-10-10 14:21:00
2026-05-26 22:19:04,800 - __main__ - INFO - pipeline:224 - binance_btc <=> 2025-10-11 07:00:00
2026-05-26 22:19:05,092 - __main__ - INFO - pipeline:224 - binance_btc <=> 2025-10-11 23:39:00
2026-05-26 22:19:05,413 - __main__ - INFO - pipeline:224 - binance_btc <=> 2025-10-12 16:18:00
2026-05-26 22:19:05,728 - __main__ - INFO - pipeline:224 - binance_btc <=> 2025-10-13 08:57:00
2026-05-26 22:19:06,022 - __main__ - INFO - pipeline:224 - binance_btc <=> 2025-10-14 01:36:00
2026-05-26 22:19:06,313 - __main__ - INFO - pipeline:224 - binance_btc <=> 2025-10-14 18:15:00
2026-05-26 22:19:06,631 - __main__ - INFO - pipeline:224 - binance_btc <=> 2025-10-15 10:54:00
2026-05-26 22:19:06,924 - __main__ - INFO - pipeline:224 - binance_btc <=> 2025-10-16 03:33:00
2026-05-26 22:19:07,662 - __main__ - INFO - pipeline:224 - binance_btc <=> 2025-10-16 20:12:00
2026-05-26 22:19:07,954 - __main__ - INFO - pipeline:224 - binance_btc <=> 2025-10-17 12:51:00
2026-05-26 22:19:08,247 - __main__ - INFO - pipeline:224 - binance_btc <=> 2025-10-18 05:30:00
2026-05-26 22:19:08,538 - __main__ - INFO - pipeline:224 - binance_btc <=> 2025-10-18 22:09:00
2026-05-26 22:19:08,831 - __main__ - INFO - pipeline:224 - binance_btc <=> 2025-10-19 14:48:00
2026-05-26 22:19:09,125 - __main__ - INFO - pipeline:224 - binance_btc <=> 2025-10-20 07:27:00
2026-05-26 22:19:09,416 - __main__ - INFO - pipeline:224 - binance_btc <=> 2025-10-21 00:06:00
2026-05-26 22:19:09,710 - __main__ - INFO - pipeline:224 - binance_btc <=> 2025-10-21 16:45:00
2026-05-26 22:19:10,007 - __main__ - INFO - pipeline:224 - binance_btc <=> 2025-10-22 09:24:00
2026-05-26 22:19:10,298 - __main__ - INFO - pipeline:224 - binance_btc <=> 2025-10-23 02:03:00
2026-05-26 22:19:10,619 - __main__ - INFO - pipeline:224 - binance_btc <=> 2025-10-23 18:42:00
2026-05-26 22:19:10,912 - __main__ - INFO - pipeline:224 - binance_btc <=> 2025-10-24 11:21:00
2026-05-26 22:19:11,208 - __main__ - INFO - pipeline:224 - binance_btc <=> 2025-10-25 04:00:00
2026-05-26 22:19:11,729 - __main__ - INFO - pipeline:224 - binance_btc <=> 2025-10-25 20:39:00
2026-05-26 22:19:12,022 - __main__ - INFO - pipeline:224 - binance_btc <=> 2025-10-26 13:18:00
2026-05-26 22:19:12,315 - __main__ - INFO - pipeline:224 - binance_btc <=> 2025-10-27 05:57:00
2026-05-26 22:19:12,610 - __main__ - INFO - pipeline:224 - binance_btc <=> 2025-10-27 22:36:00
2026-05-26 22:19:12,913 - __main__ - INFO - pipeline:224 - binance_btc <=> 2025-10-28 15:15:00
2026-05-26 22:19:13,210 - __main__ - INFO - pipeline:224 - binance_btc <=> 2025-10-29 07:54:00
2026-05-26 22:19:13,546 - __main__ - INFO - pipeline:224 - binance_btc <=> 2025-10-30 00:33:00
2026-05-26 22:19:13,843 - __main__ - INFO - pipeline:224 - binance_btc <=> 2025-10-30 17:12:00
2026-05-26 22:19:14,136 - __main__ - INFO - pipeline:224 - binance_btc <=> 2025-10-31 09:51:00
2026-05-26 22:19:14,430 - __main__ - INFO - pipeline:224 - binance_btc <=> 2025-11-01 02:30:00
2026-05-26 22:19:14,752 - __main__ - INFO - pipeline:224 - binance_btc <=> 2025-11-01 19:09:00
2026-05-26 22:19:15,071 - __main__ - INFO - pipeline:224 - binance_btc <=> 2025-11-02 11:48:00
2026-05-26 22:19:15,364 - __main__ - INFO - pipeline:224 - binance_btc <=> 2025-11-03 04:27:00
2026-05-26 22:19:15,657 - __main__ - INFO - pipeline:224 - binance_btc <=> 2025-11-03 21:06:00
2026-05-26 22:19:15,952 - __main__ - INFO - pipeline:224 - binance_btc <=> 2025-11-04 13:45:00
2026-05-26 22:19:16,245 - __main__ - INFO - pipeline:224 - binance_btc <=> 2025-11-05 06:24:00
2026-05-26 22:19:16,538 - __main__ - INFO - pipeline:224 - binance_btc <=> 2025-11-05 23:03:00
2026-05-26 22:19:16,834 - __main__ - INFO - pipeline:224 - binance_btc <=> 2025-11-06 15:42:00
2026-05-26 22:19:17,130 - __main__ - INFO - pipeline:224 - binance_btc <=> 2025-11-07 08:21:00
2026-05-26 22:19:17,424 - __main__ - INFO - pipeline:224 - binance_btc <=> 2025-11-08 01:00:00
2026-05-26 22:19:17,741 - __main__ - INFO - pipeline:224 - binance_btc <=> 2025-11-08 17:39:00
2026-05-26 22:19:18,036 - __main__ - INFO - pipeline:224 - binance_btc <=> 2025-11-09 10:18:00
2026-05-26 22:19:18,327 - __main__ - INFO - pipeline:224 - binance_btc <=> 2025-11-10 02:57:00
2026-05-26 22:19:18,623 - __main__ - INFO - pipeline:224 - binance_btc <=> 2025-11-10 19:36:00
2026-05-26 22:19:18,916 - __main__ - INFO - pipeline:224 - binance_btc <=> 2025-11-11 12:15:00
2026-05-26 22:19:19,653 - __main__ - INFO - pipeline:224 - binance_btc <=> 2025-11-12 04:54:00
2026-05-26 22:19:20,479 - __main__ - INFO - pipeline:224 - binance_btc <=> 2025-11-12 21:33:00
2026-05-26 22:19:20,775 - __main__ - INFO - pipeline:224 - binance_btc <=> 2025-11-13 14:12:00
2026-05-26 22:19:21,075 - __main__ - INFO - pipeline:224 - binance_btc <=> 2025-11-14 06:51:00
2026-05-26 22:19:21,371 - __main__ - INFO - pipeline:224 - binance_btc <=> 2025-11-14 23:30:00
2026-05-26 22:19:21,664 - __main__ - INFO - pipeline:224 - binance_btc <=> 2025-11-15 16:09:00
2026-05-26 22:19:21,959 - __main__ - INFO - pipeline:224 - binance_btc <=> 2025-11-16 08:48:00
2026-05-26 22:19:22,252 - __main__ - INFO - pipeline:224 - binance_btc <=> 2025-11-17 01:27:00
2026-05-26 22:19:22,572 - __main__ - INFO - pipeline:224 - binance_btc <=> 2025-11-17 18:06:00
2026-05-26 22:19:22,893 - __main__ - INFO - pipeline:224 - binance_btc <=> 2025-11-18 10:45:00
2026-05-26 22:19:23,187 - __main__ - INFO - pipeline:224 - binance_btc <=> 2025-11-19 03:24:00
2026-05-26 22:19:23,481 - __main__ - INFO - pipeline:224 - binance_btc <=> 2025-11-19 20:03:00
2026-05-26 22:19:23,779 - __main__ - INFO - pipeline:224 - binance_btc <=> 2025-11-20 12:42:00
2026-05-26 22:19:24,078 - __main__ - INFO - pipeline:224 - binance_btc <=> 2025-11-21 05:21:00
2026-05-26 22:19:24,589 - __main__ - INFO - pipeline:224 - binance_btc <=> 2025-11-21 22:00:00
2026-05-26 22:19:25,336 - __main__ - INFO - pipeline:224 - binance_btc <=> 2025-11-22 14:39:00
2026-05-26 22:19:25,628 - __main__ - INFO - pipeline:224 - binance_btc <=> 2025-11-23 07:18:00
2026-05-26 22:19:25,924 - __main__ - INFO - pipeline:224 - binance_btc <=> 2025-11-23 23:57:00
2026-05-26 22:19:26,249 - __main__ - INFO - pipeline:224 - binance_btc <=> 2025-11-24 16:36:00
2026-05-26 22:19:26,545 - __main__ - INFO - pipeline:224 - binance_btc <=> 2025-11-25 09:15:00
2026-05-26 22:19:27,027 - __main__ - INFO - pipeline:224 - binance_btc <=> 2025-11-26 01:54:00
2026-05-26 22:19:27,353 - __main__ - INFO - pipeline:224 - binance_btc <=> 2025-11-26 18:33:00
2026-05-26 22:19:27,650 - __main__ - INFO - pipeline:224 - binance_btc <=> 2025-11-27 11:12:00
2026-05-26 22:19:27,946 - __main__ - INFO - pipeline:224 - binance_btc <=> 2025-11-28 03:51:00
2026-05-26 22:19:28,242 - __main__ - INFO - pipeline:224 - binance_btc <=> 2025-11-28 20:30:00
2026-05-26 22:19:28,537 - __main__ - INFO - pipeline:224 - binance_btc <=> 2025-11-29 13:09:00
2026-05-26 22:19:28,832 - __main__ - INFO - pipeline:224 - binance_btc <=> 2025-11-30 05:48:00
2026-05-26 22:19:29,123 - __main__ - INFO - pipeline:224 - binance_btc <=> 2025-11-30 22:27:00
2026-05-26 22:19:29,415 - __main__ - INFO - pipeline:224 - binance_btc <=> 2025-12-01 15:06:00
2026-05-26 22:19:29,712 - __main__ - INFO - pipeline:224 - binance_btc <=> 2025-12-02 07:45:00
2026-05-26 22:19:30,009 - __main__ - INFO - pipeline:224 - binance_btc <=> 2025-12-03 00:24:00
2026-05-26 22:19:30,303 - __main__ - INFO - pipeline:224 - binance_btc <=> 2025-12-03 17:03:00
2026-05-26 22:19:30,595 - __main__ - INFO - pipeline:224 - binance_btc <=> 2025-12-04 09:42:00
2026-05-26 22:19:30,888 - __main__ - INFO - pipeline:224 - binance_btc <=> 2025-12-05 02:21:00
2026-05-26 22:19:31,183 - __main__ - INFO - pipeline:224 - binance_btc <=> 2025-12-05 19:00:00
2026-05-26 22:19:31,480 - __main__ - INFO - pipeline:224 - binance_btc <=> 2025-12-06 11:39:00
2026-05-26 22:19:31,773 - __main__ - INFO - pipeline:224 - binance_btc <=> 2025-12-07 04:18:00
2026-05-26 22:19:32,093 - __main__ - INFO - pipeline:224 - binance_btc <=> 2025-12-07 20:57:00
2026-05-26 22:19:32,389 - __main__ - INFO - pipeline:224 - binance_btc <=> 2025-12-08 13:36:00
2026-05-26 22:19:32,684 - __main__ - INFO - pipeline:224 - binance_btc <=> 2025-12-09 06:15:00
2026-05-26 22:19:32,978 - __main__ - INFO - pipeline:224 - binance_btc <=> 2025-12-09 22:54:00
2026-05-26 22:19:33,299 - __main__ - INFO - pipeline:224 - binance_btc <=> 2025-12-10 15:33:00
2026-05-26 22:19:33,607 - __main__ - INFO - pipeline:224 - binance_btc <=> 2025-12-11 08:12:00
2026-05-26 22:19:33,912 - __main__ - INFO - pipeline:224 - binance_btc <=> 2025-12-12 00:51:00
2026-05-26 22:19:34,205 - __main__ - INFO - pipeline:224 - binance_btc <=> 2025-12-12 17:30:00
2026-05-26 22:19:34,500 - __main__ - INFO - pipeline:224 - binance_btc <=> 2025-12-13 10:09:00
2026-05-26 22:19:34,791 - __main__ - INFO - pipeline:224 - binance_btc <=> 2025-12-14 02:48:00
2026-05-26 22:19:35,081 - __main__ - INFO - pipeline:224 - binance_btc <=> 2025-12-14 19:27:00
2026-05-26 22:19:35,376 - __main__ - INFO - pipeline:224 - binance_btc <=> 2025-12-15 12:06:00
2026-05-26 22:19:35,672 - __main__ - INFO - pipeline:224 - binance_btc <=> 2025-12-16 04:45:00
2026-05-26 22:19:35,966 - __main__ - INFO - pipeline:224 - binance_btc <=> 2025-12-16 21:24:00
2026-05-26 22:19:36,264 - __main__ - INFO - pipeline:224 - binance_btc <=> 2025-12-17 14:03:00
2026-05-26 22:19:36,556 - __main__ - INFO - pipeline:224 - binance_btc <=> 2025-12-18 06:42:00
2026-05-26 22:19:36,849 - __main__ - INFO - pipeline:224 - binance_btc <=> 2025-12-18 23:21:00
2026-05-26 22:19:37,170 - __main__ - INFO - pipeline:224 - binance_btc <=> 2025-12-19 16:00:00
2026-05-26 22:19:37,461 - __main__ - INFO - pipeline:224 - binance_btc <=> 2025-12-20 08:39:00
2026-05-26 22:19:37,951 - __main__ - INFO - pipeline:224 - binance_btc <=> 2025-12-21 01:18:00
2026-05-26 22:19:38,244 - __main__ - INFO - pipeline:224 - binance_btc <=> 2025-12-21 17:57:00
2026-05-26 22:19:38,567 - __main__ - INFO - pipeline:224 - binance_btc <=> 2025-12-22 10:36:00
2026-05-26 22:19:38,860 - __main__ - INFO - pipeline:224 - binance_btc <=> 2025-12-23 03:15:00
2026-05-26 22:19:39,159 - __main__ - INFO - pipeline:224 - binance_btc <=> 2025-12-23 19:54:00
2026-05-26 22:19:39,452 - __main__ - INFO - pipeline:224 - binance_btc <=> 2025-12-24 12:33:00
2026-05-26 22:19:39,747 - __main__ - INFO - pipeline:224 - binance_btc <=> 2025-12-25 05:12:00
2026-05-26 22:19:40,049 - __main__ - INFO - pipeline:224 - binance_btc <=> 2025-12-25 21:51:00
2026-05-26 22:19:40,344 - __main__ - INFO - pipeline:224 - binance_btc <=> 2025-12-26 14:30:00
2026-05-26 22:19:40,638 - __main__ - INFO - pipeline:224 - binance_btc <=> 2025-12-27 07:09:00
2026-05-26 22:19:40,933 - __main__ - INFO - pipeline:224 - binance_btc <=> 2025-12-27 23:48:00
2026-05-26 22:19:41,225 - __main__ - INFO - pipeline:224 - binance_btc <=> 2025-12-28 16:27:00
2026-05-26 22:19:41,518 - __main__ - INFO - pipeline:224 - binance_btc <=> 2025-12-29 09:06:00
2026-05-26 22:19:41,812 - __main__ - INFO - pipeline:224 - binance_btc <=> 2025-12-30 01:45:00
2026-05-26 22:19:42,549 - __main__ - INFO - pipeline:224 - binance_btc <=> 2025-12-30 18:24:00
2026-05-26 22:19:42,841 - __main__ - INFO - pipeline:224 - binance_btc <=> 2025-12-31 11:03:00
2026-05-26 22:19:43,162 - __main__ - INFO - pipeline:224 - binance_btc <=> 2026-01-01 03:42:00
2026-05-26 22:19:43,455 - __main__ - INFO - pipeline:224 - binance_btc <=> 2026-01-01 20:21:00
2026-05-26 22:19:43,754 - __main__ - INFO - pipeline:224 - binance_btc <=> 2026-01-02 13:00:00
2026-05-26 22:19:44,048 - __main__ - INFO - pipeline:224 - binance_btc <=> 2026-01-03 05:39:00
2026-05-26 22:19:44,353 - __main__ - INFO - pipeline:224 - binance_btc <=> 2026-01-03 22:18:00
2026-05-26 22:19:44,645 - __main__ - INFO - pipeline:224 - binance_btc <=> 2026-01-04 14:57:00
2026-05-26 22:19:44,939 - __main__ - INFO - pipeline:224 - binance_btc <=> 2026-01-05 07:36:00
2026-05-26 22:19:45,264 - __main__ - INFO - pipeline:224 - binance_btc <=> 2026-01-06 00:15:00
2026-05-26 22:19:45,556 - __main__ - INFO - pipeline:224 - binance_btc <=> 2026-01-06 16:54:00
2026-05-26 22:19:45,854 - __main__ - INFO - pipeline:224 - binance_btc <=> 2026-01-07 09:33:00
2026-05-26 22:19:46,149 - __main__ - INFO - pipeline:224 - binance_btc <=> 2026-01-08 02:12:00
2026-05-26 22:19:46,470 - __main__ - INFO - pipeline:224 - binance_btc <=> 2026-01-08 18:51:00
2026-05-26 22:19:46,764 - __main__ - INFO - pipeline:224 - binance_btc <=> 2026-01-09 11:30:00
2026-05-26 22:19:47,058 - __main__ - INFO - pipeline:224 - binance_btc <=> 2026-01-10 04:09:00
2026-05-26 22:19:47,352 - __main__ - INFO - pipeline:224 - binance_btc <=> 2026-01-10 20:48:00
2026-05-26 22:19:47,652 - __main__ - INFO - pipeline:224 - binance_btc <=> 2026-01-11 13:27:00
2026-05-26 22:19:47,946 - __main__ - INFO - pipeline:224 - binance_btc <=> 2026-01-12 06:06:00
2026-05-26 22:19:48,238 - __main__ - INFO - pipeline:224 - binance_btc <=> 2026-01-12 22:45:00
2026-05-26 22:19:48,531 - __main__ - INFO - pipeline:224 - binance_btc <=> 2026-01-13 15:24:00
2026-05-26 22:19:48,825 - __main__ - INFO - pipeline:224 - binance_btc <=> 2026-01-14 08:03:00
2026-05-26 22:19:49,144 - __main__ - INFO - pipeline:224 - binance_btc <=> 2026-01-15 00:42:00
2026-05-26 22:19:49,436 - __main__ - INFO - pipeline:224 - binance_btc <=> 2026-01-15 17:21:00
2026-05-26 22:19:49,728 - __main__ - INFO - pipeline:224 - binance_btc <=> 2026-01-16 10:00:00
2026-05-26 22:19:50,023 - __main__ - INFO - pipeline:224 - binance_btc <=> 2026-01-17 02:39:00
2026-05-26 22:19:50,320 - __main__ - INFO - pipeline:224 - binance_btc <=> 2026-01-17 19:18:00
2026-05-26 22:19:50,613 - __main__ - INFO - pipeline:224 - binance_btc <=> 2026-01-18 11:57:00
2026-05-26 22:19:50,934 - __main__ - INFO - pipeline:224 - binance_btc <=> 2026-01-19 04:36:00
2026-05-26 22:19:51,228 - __main__ - INFO - pipeline:224 - binance_btc <=> 2026-01-19 21:15:00
2026-05-26 22:19:51,524 - __main__ - INFO - pipeline:224 - binance_btc <=> 2026-01-20 13:54:00
2026-05-26 22:19:51,821 - __main__ - INFO - pipeline:224 - binance_btc <=> 2026-01-21 06:33:00
2026-05-26 22:19:52,115 - __main__ - INFO - pipeline:224 - binance_btc <=> 2026-01-21 23:12:00
2026-05-26 22:19:52,411 - __main__ - INFO - pipeline:224 - binance_btc <=> 2026-01-22 15:51:00
2026-05-26 22:19:52,707 - __main__ - INFO - pipeline:224 - binance_btc <=> 2026-01-23 08:30:00
2026-05-26 22:19:53,001 - __main__ - INFO - pipeline:224 - binance_btc <=> 2026-01-24 01:09:00
2026-05-26 22:19:53,294 - __main__ - INFO - pipeline:224 - binance_btc <=> 2026-01-24 17:48:00
2026-05-26 22:19:53,596 - __main__ - INFO - pipeline:224 - binance_btc <=> 2026-01-25 10:27:00
2026-05-26 22:19:53,929 - __main__ - INFO - pipeline:224 - binance_btc <=> 2026-01-26 03:06:00
2026-05-26 22:19:54,248 - __main__ - INFO - pipeline:224 - binance_btc <=> 2026-01-26 19:45:00
2026-05-26 22:19:54,544 - __main__ - INFO - pipeline:224 - binance_btc <=> 2026-01-27 12:24:00
2026-05-26 22:19:55,060 - __main__ - INFO - pipeline:224 - binance_btc <=> 2026-01-28 05:03:00
2026-05-26 22:19:55,381 - __main__ - INFO - pipeline:224 - binance_btc <=> 2026-01-28 21:42:00
2026-05-26 22:19:55,673 - __main__ - INFO - pipeline:224 - binance_btc <=> 2026-01-29 14:21:00
2026-05-26 22:19:55,984 - __main__ - INFO - pipeline:224 - binance_btc <=> 2026-01-30 07:00:00
2026-05-26 22:19:56,724 - __main__ - INFO - pipeline:224 - binance_btc <=> 2026-01-30 23:39:00
2026-05-26 22:19:57,050 - __main__ - INFO - pipeline:224 - binance_btc <=> 2026-01-31 16:18:00
2026-05-26 22:19:57,344 - __main__ - INFO - pipeline:224 - binance_btc <=> 2026-02-01 08:57:00
2026-05-26 22:19:57,638 - __main__ - INFO - pipeline:224 - binance_btc <=> 2026-02-02 01:36:00
2026-05-26 22:19:58,151 - __main__ - INFO - pipeline:224 - binance_btc <=> 2026-02-02 18:15:00
2026-05-26 22:19:58,448 - __main__ - INFO - pipeline:224 - binance_btc <=> 2026-02-03 10:54:00
2026-05-26 22:19:58,964 - __main__ - INFO - pipeline:224 - binance_btc <=> 2026-02-04 03:33:00
2026-05-26 22:19:59,262 - __main__ - INFO - pipeline:224 - binance_btc <=> 2026-02-04 20:12:00
2026-05-26 22:19:59,584 - __main__ - INFO - pipeline:224 - binance_btc <=> 2026-02-05 12:51:00
2026-05-26 22:19:59,881 - __main__ - INFO - pipeline:224 - binance_btc <=> 2026-02-06 05:30:00
2026-05-26 22:20:00,177 - __main__ - INFO - pipeline:224 - binance_btc <=> 2026-02-06 22:09:00
2026-05-26 22:20:00,472 - __main__ - INFO - pipeline:224 - binance_btc <=> 2026-02-07 14:48:00
2026-05-26 22:20:00,766 - __main__ - INFO - pipeline:224 - binance_btc <=> 2026-02-08 07:27:00
2026-05-26 22:20:01,061 - __main__ - INFO - pipeline:224 - binance_btc <=> 2026-02-09 00:06:00
2026-05-26 22:20:01,489 - __main__ - INFO - pipeline:224 - binance_btc <=> 2026-02-09 16:45:00
2026-05-26 22:20:02,087 - __main__ - INFO - pipeline:224 - binance_btc <=> 2026-02-10 09:24:00
2026-05-26 22:20:02,685 - __main__ - INFO - pipeline:224 - binance_btc <=> 2026-02-11 02:03:00
2026-05-26 22:20:03,151 - __main__ - INFO - pipeline:224 - binance_btc <=> 2026-02-11 18:42:00
2026-05-26 22:20:03,464 - __main__ - INFO - pipeline:224 - binance_btc <=> 2026-02-12 11:21:00
2026-05-26 22:20:03,762 - __main__ - INFO - pipeline:224 - binance_btc <=> 2026-02-13 04:00:00
2026-05-26 22:20:04,060 - __main__ - INFO - pipeline:224 - binance_btc <=> 2026-02-13 20:39:00
2026-05-26 22:20:04,382 - __main__ - INFO - pipeline:224 - binance_btc <=> 2026-02-14 13:18:00
2026-05-26 22:20:04,678 - __main__ - INFO - pipeline:224 - binance_btc <=> 2026-02-15 05:57:00
2026-05-26 22:20:04,978 - __main__ - INFO - pipeline:224 - binance_btc <=> 2026-02-15 22:36:00
2026-05-26 22:20:05,273 - __main__ - INFO - pipeline:224 - binance_btc <=> 2026-02-16 15:15:00
2026-05-26 22:20:05,596 - __main__ - INFO - pipeline:224 - binance_btc <=> 2026-02-17 07:54:00
2026-05-26 22:20:05,898 - __main__ - INFO - pipeline:224 - binance_btc <=> 2026-02-18 00:33:00
2026-05-26 22:20:06,195 - __main__ - INFO - pipeline:224 - binance_btc <=> 2026-02-18 17:12:00
2026-05-26 22:20:06,490 - __main__ - INFO - pipeline:224 - binance_btc <=> 2026-02-19 09:51:00
2026-05-26 22:20:06,796 - __main__ - INFO - pipeline:224 - binance_btc <=> 2026-02-20 02:30:00
2026-05-26 22:20:07,098 - __main__ - INFO - pipeline:224 - binance_btc <=> 2026-02-20 19:09:00
2026-05-26 22:20:07,393 - __main__ - INFO - pipeline:224 - binance_btc <=> 2026-02-21 11:48:00
2026-05-26 22:20:08,131 - __main__ - INFO - pipeline:224 - binance_btc <=> 2026-02-22 04:27:00
2026-05-26 22:20:08,429 - __main__ - INFO - pipeline:224 - binance_btc <=> 2026-02-22 21:06:00
2026-05-26 22:20:08,730 - __main__ - INFO - pipeline:224 - binance_btc <=> 2026-02-23 13:45:00
2026-05-26 22:20:09,030 - __main__ - INFO - pipeline:224 - binance_btc <=> 2026-02-24 06:24:00
2026-05-26 22:20:09,327 - __main__ - INFO - pipeline:224 - binance_btc <=> 2026-02-24 23:03:00
2026-05-26 22:20:09,619 - __main__ - INFO - pipeline:224 - binance_btc <=> 2026-02-25 15:42:00
2026-05-26 22:20:09,946 - __main__ - INFO - pipeline:224 - binance_btc <=> 2026-02-26 08:21:00
2026-05-26 22:20:10,249 - __main__ - INFO - pipeline:224 - binance_btc <=> 2026-02-27 01:00:00
2026-05-26 22:20:10,555 - __main__ - INFO - pipeline:224 - binance_btc <=> 2026-02-27 17:39:00
2026-05-26 22:20:10,851 - __main__ - INFO - pipeline:224 - binance_btc <=> 2026-02-28 10:18:00
2026-05-26 22:20:11,146 - __main__ - INFO - pipeline:224 - binance_btc <=> 2026-03-01 02:57:00
2026-05-26 22:20:11,466 - __main__ - INFO - pipeline:224 - binance_btc <=> 2026-03-01 19:36:00
2026-05-26 22:20:11,767 - __main__ - INFO - pipeline:224 - binance_btc <=> 2026-03-02 12:15:00
2026-05-26 22:20:12,068 - __main__ - INFO - pipeline:224 - binance_btc <=> 2026-03-03 04:54:00
2026-05-26 22:20:12,362 - __main__ - INFO - pipeline:224 - binance_btc <=> 2026-03-03 21:33:00
2026-05-26 22:20:12,679 - __main__ - INFO - pipeline:224 - binance_btc <=> 2026-03-04 14:12:00
2026-05-26 22:20:12,976 - __main__ - INFO - pipeline:224 - binance_btc <=> 2026-03-05 06:51:00
2026-05-26 22:20:13,284 - __main__ - INFO - pipeline:224 - binance_btc <=> 2026-03-05 23:30:00
2026-05-26 22:20:13,609 - __main__ - INFO - pipeline:224 - binance_btc <=> 2026-03-06 16:09:00
2026-05-26 22:20:14,349 - __main__ - INFO - pipeline:224 - binance_btc <=> 2026-03-07 08:48:00
2026-05-26 22:20:14,645 - __main__ - INFO - pipeline:224 - binance_btc <=> 2026-03-08 01:27:00
2026-05-26 22:20:14,941 - __main__ - INFO - pipeline:224 - binance_btc <=> 2026-03-08 18:06:00
2026-05-26 22:20:15,240 - __main__ - INFO - pipeline:224 - binance_btc <=> 2026-03-09 10:45:00
2026-05-26 22:20:15,992 - __main__ - INFO - pipeline:224 - binance_btc <=> 2026-03-10 03:24:00
2026-05-26 22:20:16,286 - __main__ - INFO - pipeline:224 - binance_btc <=> 2026-03-10 20:03:00
2026-05-26 22:20:16,610 - __main__ - INFO - pipeline:224 - binance_btc <=> 2026-03-11 12:42:00
2026-05-26 22:20:16,904 - __main__ - INFO - pipeline:224 - binance_btc <=> 2026-03-12 05:21:00
2026-05-26 22:20:17,207 - __main__ - INFO - pipeline:224 - binance_btc <=> 2026-03-12 22:00:00
2026-05-26 22:20:17,507 - __main__ - INFO - pipeline:224 - binance_btc <=> 2026-03-13 14:39:00
2026-05-26 22:20:17,826 - __main__ - INFO - pipeline:224 - binance_btc <=> 2026-03-14 07:18:00
2026-05-26 22:20:18,121 - __main__ - INFO - pipeline:224 - binance_btc <=> 2026-03-14 23:57:00
2026-05-26 22:20:18,420 - __main__ - INFO - pipeline:224 - binance_btc <=> 2026-03-15 16:36:00
2026-05-26 22:20:18,720 - __main__ - INFO - pipeline:224 - binance_btc <=> 2026-03-16 09:15:00
2026-05-26 22:20:19,026 - __main__ - INFO - pipeline:224 - binance_btc <=> 2026-03-17 01:54:00
2026-05-26 22:20:19,352 - __main__ - INFO - pipeline:224 - binance_btc <=> 2026-03-17 18:33:00
2026-05-26 22:20:19,677 - __main__ - INFO - pipeline:224 - binance_btc <=> 2026-03-18 11:12:00
2026-05-26 22:20:19,976 - __main__ - INFO - pipeline:224 - binance_btc <=> 2026-03-19 03:51:00
2026-05-26 22:20:20,306 - __main__ - INFO - pipeline:224 - binance_btc <=> 2026-03-19 20:30:00
2026-05-26 22:20:20,604 - __main__ - INFO - pipeline:224 - binance_btc <=> 2026-03-20 13:09:00
2026-05-26 22:20:20,900 - __main__ - INFO - pipeline:224 - binance_btc <=> 2026-03-21 05:48:00
2026-05-26 22:20:21,234 - __main__ - INFO - pipeline:224 - binance_btc <=> 2026-03-21 22:27:00
2026-05-26 22:20:21,534 - __main__ - INFO - pipeline:224 - binance_btc <=> 2026-03-22 15:06:00
2026-05-26 22:20:21,836 - __main__ - INFO - pipeline:224 - binance_btc <=> 2026-03-23 07:45:00
2026-05-26 22:20:22,135 - __main__ - INFO - pipeline:224 - binance_btc <=> 2026-03-24 00:24:00
2026-05-26 22:20:22,433 - __main__ - INFO - pipeline:224 - binance_btc <=> 2026-03-24 17:03:00
2026-05-26 22:20:22,733 - __main__ - INFO - pipeline:224 - binance_btc <=> 2026-03-25 09:42:00
2026-05-26 22:20:23,030 - __main__ - INFO - pipeline:224 - binance_btc <=> 2026-03-26 02:21:00
2026-05-26 22:20:23,344 - __main__ - INFO - pipeline:224 - binance_btc <=> 2026-03-26 19:00:00
2026-05-26 22:20:23,668 - __main__ - INFO - pipeline:224 - binance_btc <=> 2026-03-27 11:39:00
2026-05-26 22:20:24,086 - __main__ - INFO - pipeline:224 - binance_btc <=> 2026-03-28 04:18:00
2026-05-26 22:20:24,410 - __main__ - INFO - pipeline:224 - binance_btc <=> 2026-03-28 20:57:00
2026-05-26 22:20:24,707 - __main__ - INFO - pipeline:224 - binance_btc <=> 2026-03-29 13:36:00
2026-05-26 22:20:25,002 - __main__ - INFO - pipeline:224 - binance_btc <=> 2026-03-30 06:15:00
2026-05-26 22:20:25,300 - __main__ - INFO - pipeline:224 - binance_btc <=> 2026-03-30 22:54:00
2026-05-26 22:20:25,603 - __main__ - INFO - pipeline:224 - binance_btc <=> 2026-03-31 15:33:00
2026-05-26 22:20:25,932 - __main__ - INFO - pipeline:224 - binance_btc <=> 2026-04-01 08:12:00
2026-05-26 22:20:26,230 - __main__ - INFO - pipeline:224 - binance_btc <=> 2026-04-02 00:51:00
2026-05-26 22:20:26,526 - __main__ - INFO - pipeline:224 - binance_btc <=> 2026-04-02 17:30:00
2026-05-26 22:20:26,849 - __main__ - INFO - pipeline:224 - binance_btc <=> 2026-04-03 10:09:00
2026-05-26 22:20:27,149 - __main__ - INFO - pipeline:224 - binance_btc <=> 2026-04-04 02:48:00
2026-05-26 22:20:27,448 - __main__ - INFO - pipeline:224 - binance_btc <=> 2026-04-04 19:27:00
2026-05-26 22:20:27,756 - __main__ - INFO - pipeline:224 - binance_btc <=> 2026-04-05 12:06:00
2026-05-26 22:20:28,082 - __main__ - INFO - pipeline:224 - binance_btc <=> 2026-04-06 04:45:00
2026-05-26 22:20:28,408 - __main__ - INFO - pipeline:224 - binance_btc <=> 2026-04-06 21:24:00
2026-05-26 22:20:28,705 - __main__ - INFO - pipeline:224 - binance_btc <=> 2026-04-07 14:03:00
2026-05-26 22:20:29,452 - __main__ - INFO - pipeline:224 - binance_btc <=> 2026-04-08 06:42:00
2026-05-26 22:20:30,203 - __main__ - INFO - pipeline:224 - binance_btc <=> 2026-04-08 23:21:00
2026-05-26 22:20:30,531 - __main__ - INFO - pipeline:224 - binance_btc <=> 2026-04-09 16:00:00
2026-05-26 22:20:30,826 - __main__ - INFO - pipeline:224 - binance_btc <=> 2026-04-10 08:39:00
2026-05-26 22:20:31,124 - __main__ - INFO - pipeline:224 - binance_btc <=> 2026-04-11 01:18:00
2026-05-26 22:20:31,424 - __main__ - INFO - pipeline:224 - binance_btc <=> 2026-04-11 17:57:00
2026-05-26 22:20:31,750 - __main__ - INFO - pipeline:224 - binance_btc <=> 2026-04-12 10:36:00
2026-05-26 22:20:32,048 - __main__ - INFO - pipeline:224 - binance_btc <=> 2026-04-13 03:15:00
2026-05-26 22:20:32,381 - __main__ - INFO - pipeline:224 - binance_btc <=> 2026-04-13 19:54:00
2026-05-26 22:20:32,679 - __main__ - INFO - pipeline:224 - binance_btc <=> 2026-04-14 12:33:00
2026-05-26 22:20:32,979 - __main__ - INFO - pipeline:224 - binance_btc <=> 2026-04-15 05:12:00
2026-05-26 22:20:33,277 - __main__ - INFO - pipeline:224 - binance_btc <=> 2026-04-15 21:51:00
2026-05-26 22:20:33,627 - __main__ - INFO - pipeline:224 - binance_btc <=> 2026-04-16 14:30:00
2026-05-26 22:20:33,928 - __main__ - INFO - pipeline:224 - binance_btc <=> 2026-04-17 07:09:00
2026-05-26 22:20:34,223 - __main__ - INFO - pipeline:224 - binance_btc <=> 2026-04-17 23:48:00
2026-05-26 22:20:34,532 - __main__ - INFO - pipeline:224 - binance_btc <=> 2026-04-18 16:27:00
2026-05-26 22:20:34,831 - __main__ - INFO - pipeline:224 - binance_btc <=> 2026-04-19 09:06:00
2026-05-26 22:20:35,129 - __main__ - INFO - pipeline:224 - binance_btc <=> 2026-04-20 01:45:00
2026-05-26 22:20:35,649 - __main__ - INFO - pipeline:224 - binance_btc <=> 2026-04-20 18:24:00
2026-05-26 22:20:35,951 - __main__ - INFO - pipeline:224 - binance_btc <=> 2026-04-21 11:03:00
2026-05-26 22:20:36,253 - __main__ - INFO - pipeline:224 - binance_btc <=> 2026-04-22 03:42:00
2026-05-26 22:20:36,551 - __main__ - INFO - pipeline:224 - binance_btc <=> 2026-04-22 20:21:00
2026-05-26 22:20:36,856 - __main__ - INFO - pipeline:224 - binance_btc <=> 2026-04-23 13:00:00
2026-05-26 22:20:37,153 - __main__ - INFO - pipeline:224 - binance_btc <=> 2026-04-24 05:39:00
2026-05-26 22:20:37,451 - __main__ - INFO - pipeline:224 - binance_btc <=> 2026-04-24 22:18:00
2026-05-26 22:20:37,745 - __main__ - INFO - pipeline:224 - binance_btc <=> 2026-04-25 14:57:00
2026-05-26 22:20:38,040 - __main__ - INFO - pipeline:224 - binance_btc <=> 2026-04-26 07:36:00
2026-05-26 22:20:38,338 - __main__ - INFO - pipeline:224 - binance_btc <=> 2026-04-27 00:15:00
2026-05-26 22:20:38,638 - __main__ - INFO - pipeline:224 - binance_btc <=> 2026-04-27 16:54:00
2026-05-26 22:20:38,975 - __main__ - INFO - pipeline:224 - binance_btc <=> 2026-04-28 09:33:00
2026-05-26 22:20:39,721 - __main__ - INFO - pipeline:224 - binance_btc <=> 2026-04-29 02:12:00
2026-05-26 22:20:40,019 - __main__ - INFO - pipeline:224 - binance_btc <=> 2026-04-29 18:51:00
2026-05-26 22:20:40,321 - __main__ - INFO - pipeline:224 - binance_btc <=> 2026-04-30 11:30:00
2026-05-26 22:20:40,619 - __main__ - INFO - pipeline:224 - binance_btc <=> 2026-05-01 04:09:00
2026-05-26 22:20:40,920 - __main__ - INFO - pipeline:224 - binance_btc <=> 2026-05-01 20:48:00
2026-05-26 22:20:41,255 - __main__ - INFO - pipeline:224 - binance_btc <=> 2026-05-02 13:27:00
2026-05-26 22:20:41,550 - __main__ - INFO - pipeline:224 - binance_btc <=> 2026-05-03 06:06:00
2026-05-26 22:20:41,848 - __main__ - INFO - pipeline:224 - binance_btc <=> 2026-05-03 22:45:00
2026-05-26 22:20:42,150 - __main__ - INFO - pipeline:224 - binance_btc <=> 2026-05-04 15:24:00
2026-05-26 22:20:42,452 - __main__ - INFO - pipeline:224 - binance_btc <=> 2026-05-05 08:03:00
2026-05-26 22:20:42,751 - __main__ - INFO - pipeline:224 - binance_btc <=> 2026-05-06 00:42:00
2026-05-26 22:20:43,047 - __main__ - INFO - pipeline:224 - binance_btc <=> 2026-05-06 17:21:00
2026-05-26 22:20:43,353 - __main__ - INFO - pipeline:224 - binance_btc <=> 2026-05-07 10:00:00
2026-05-26 22:20:43,675 - __main__ - INFO - pipeline:224 - binance_btc <=> 2026-05-08 02:39:00
2026-05-26 22:20:43,980 - __main__ - INFO - pipeline:224 - binance_btc <=> 2026-05-08 19:18:00
2026-05-26 22:20:44,275 - __main__ - INFO - pipeline:224 - binance_btc <=> 2026-05-09 11:57:00
2026-05-26 22:20:44,571 - __main__ - INFO - pipeline:224 - binance_btc <=> 2026-05-10 04:36:00
2026-05-26 22:20:44,868 - __main__ - INFO - pipeline:224 - binance_btc <=> 2026-05-10 21:15:00
2026-05-26 22:20:45,195 - __main__ - INFO - pipeline:224 - binance_btc <=> 2026-05-11 13:54:00
2026-05-26 22:20:45,534 - __main__ - INFO - pipeline:224 - binance_btc <=> 2026-05-12 06:33:00
2026-05-26 22:20:45,835 - __main__ - INFO - pipeline:224 - binance_btc <=> 2026-05-12 23:12:00
2026-05-26 22:20:46,136 - __main__ - INFO - pipeline:224 - binance_btc <=> 2026-05-13 15:51:00
2026-05-26 22:20:46,435 - __main__ - INFO - pipeline:224 - binance_btc <=> 2026-05-14 08:30:00
2026-05-26 22:20:46,736 - __main__ - INFO - pipeline:224 - binance_btc <=> 2026-05-15 01:09:00
2026-05-26 22:20:47,036 - __main__ - INFO - pipeline:224 - binance_btc <=> 2026-05-15 17:48:00
2026-05-26 22:20:47,334 - __main__ - INFO - pipeline:224 - binance_btc <=> 2026-05-16 10:27:00
2026-05-26 22:20:48,083 - __main__ - INFO - pipeline:224 - binance_btc <=> 2026-05-17 03:06:00
2026-05-26 22:20:48,382 - __main__ - INFO - pipeline:224 - binance_btc <=> 2026-05-17 19:45:00
2026-05-26 22:20:48,680 - __main__ - INFO - pipeline:224 - binance_btc <=> 2026-05-18 12:24:00
2026-05-26 22:20:48,980 - __main__ - INFO - pipeline:224 - binance_btc <=> 2026-05-19 05:03:00
2026-05-26 22:20:49,277 - __main__ - INFO - pipeline:224 - binance_btc <=> 2026-05-19 21:42:00
2026-05-26 22:20:49,578 - __main__ - INFO - pipeline:224 - binance_btc <=> 2026-05-20 14:21:00
2026-05-26 22:20:49,876 - __main__ - INFO - pipeline:224 - binance_btc <=> 2026-05-21 07:00:00
2026-05-26 22:20:50,628 - __main__ - INFO - pipeline:224 - binance_btc <=> 2026-05-21 23:39:00
2026-05-26 22:20:50,927 - __main__ - INFO - pipeline:224 - binance_btc <=> 2026-05-22 16:18:00
2026-05-26 22:20:51,228 - __main__ - INFO - pipeline:224 - binance_btc <=> 2026-05-23 08:57:00
2026-05-26 22:20:51,522 - __main__ - INFO - pipeline:224 - binance_btc <=> 2026-05-24 01:36:00
2026-05-26 22:20:51,846 - __main__ - INFO - pipeline:224 - binance_btc <=> 2026-05-24 18:15:00
2026-05-26 22:20:52,365 - __main__ - INFO - pipeline:224 - binance_btc <=> 2026-05-25 10:54:00
2026-05-26 22:20:52,676 - __main__ - INFO - pipeline:224 - binance_btc <=> 2026-05-26 03:33:00
2026-05-26 22:20:52,974 - __main__ - INFO - pipeline:224 - binance_btc <=> 2026-05-26 20:12:00
2026-05-26 22:20:53,251 - __main__ - INFO - pipeline:224 - binance_btc <=> 2026-05-26 22:20:00
2026-05-26 22:20:53,467 - __main__ - INFO - pipeline:242 - Start save binance_btc in dataBase!
2026-05-26 22:22:44,108 - __main__ - INFO - pipeline:244 - binance_btc is saved to dataBase!
2026-05-26 22:22:45,539 - __main__ - INFO - pipeline:163 - binance_btc fetched last 31680 rows
2026-05-26 22:22:45,560 - __main__ - INFO - pipeline:171 - 
>>>>>
         index            datetime      open  ...       low     close   volume
31675  525598 2026-05-26 22:16:00  75762.01  ...  75753.17  75779.56  9.94993
31676  525599 2026-05-26 22:17:00  75779.56  ...  75770.87  75815.58  5.49927
31677  525600 2026-05-26 22:18:00  75815.57  ...  75815.57  75838.32  5.09519
31678  525601 2026-05-26 22:19:00  75838.00  ...  75788.00  75788.00  3.39679
31679  525602 2026-05-26 22:20:00  75788.00  ...  75783.45  75800.61  4.57969

[5 rows x 7 columns] 
>>>>>

2026-05-26 22:22:45,592 - __main__ - INFO - pipeline:183 - 
>>>>>
                 datetime      open      high       low     close     volume
2108 2026-05-26 21:15:00  75896.01  76057.34  75888.85  76048.64   76.28258
2109 2026-05-26 21:30:00  76048.64  76079.08  75985.10  76001.96   46.55931
2110 2026-05-26 21:45:00  76001.97  76044.01  75866.67  75890.00   74.79109
2111 2026-05-26 22:00:00  75890.00  75998.94  75720.45  75792.05  131.26341
2112 2026-05-26 22:15:00  75792.06  75841.23  75752.44  75800.61   47.59617 
>>>>>

2026-05-26 22:22:45,757 - __main__ - INFO - pipeline:86 - Точность модели на Train: 73.46 %
2026-05-26 22:22:45,764 - __main__ - INFO - pipeline:90 - Важность фичи номер 0: > 7.36 % <
2026-05-26 22:22:45,778 - __main__ - INFO - pipeline:90 - Важность фичи номер 1: > 78.74 % <
2026-05-26 22:22:45,794 - __main__ - INFO - pipeline:90 - Важность фичи номер 2: > 13.91 % <
2026-05-26 22:22:45,820 - __main__ - INFO - pipeline:94 - Точность модели на Test: 71.43 %
2026-05-26 22:22:45,835 - __main__ - INFO - pipeline:103 - tradingSignal = short
2026-05-26 22:22:45,874 - __main__ - INFO - pipeline:123 - Saved BTC 15min -> short with id=5
2026-05-26 22:22:50,321 - __main__ - INFO - pipeline:149 - binance_btc is exist! Fetched last 31680 rows
2026-05-26 22:22:50,339 - __main__ - INFO - pipeline:171 - 
>>>>>
         index            datetime      open  ...       low     close   volume
31675  525598 2026-05-26 22:16:00  75762.01  ...  75753.17  75779.56  9.94993
31676  525599 2026-05-26 22:17:00  75779.56  ...  75770.87  75815.58  5.49927
31677  525600 2026-05-26 22:18:00  75815.57  ...  75815.57  75838.32  5.09519
31678  525601 2026-05-26 22:19:00  75838.00  ...  75788.00  75788.00  3.39679
31679  525602 2026-05-26 22:20:00  75788.00  ...  75783.45  75800.61  4.57969

[5 rows x 7 columns] 
>>>>>

2026-05-26 22:22:50,358 - __main__ - INFO - pipeline:183 - 
>>>>>
                 datetime      open      high       low     close     volume
2108 2026-05-26 21:15:00  75896.01  76057.34  75888.85  76048.64   76.28258
2109 2026-05-26 21:30:00  76048.64  76079.08  75985.10  76001.96   46.55931
2110 2026-05-26 21:45:00  76001.97  76044.01  75866.67  75890.00   74.79109
2111 2026-05-26 22:00:00  75890.00  75998.94  75720.45  75792.05  131.26341
2112 2026-05-26 22:15:00  75792.06  75841.23  75752.44  75800.61   47.59617 
>>>>>

2026-05-26 22:22:50,464 - __main__ - INFO - pipeline:86 - Точность модели на Train: 73.46 %
2026-05-26 22:22:50,471 - __main__ - INFO - pipeline:90 - Важность фичи номер 0: > 7.36 % <
2026-05-26 22:22:50,483 - __main__ - INFO - pipeline:90 - Важность фичи номер 1: > 78.74 % <
2026-05-26 22:22:50,496 - __main__ - INFO - pipeline:90 - Важность фичи номер 2: > 13.91 % <
2026-05-26 22:22:50,510 - __main__ - INFO - pipeline:94 - Точность модели на Test: 71.43 %
2026-05-26 22:22:50,523 - __main__ - INFO - pipeline:103 - tradingSignal = short
2026-05-26 22:22:50,551 - __main__ - INFO - pipeline:123 - Saved BTC 15min -> short with id=6
2026-05-26 22:22:55,144 - __main__ - INFO - pipeline:149 - binance_btc is exist! Fetched last 31680 rows
2026-05-26 22:22:55,167 - __main__ - INFO - pipeline:171 - 
>>>>>
         index            datetime      open  ...       low     close   volume
31675  525598 2026-05-26 22:16:00  75762.01  ...  75753.17  75779.56  9.94993
31676  525599 2026-05-26 22:17:00  75779.56  ...  75770.87  75815.58  5.49927
31677  525600 2026-05-26 22:18:00  75815.57  ...  75815.57  75838.32  5.09519
31678  525601 2026-05-26 22:19:00  75838.00  ...  75788.00  75788.00  3.39679
31679  525602 2026-05-26 22:20:00  75788.00  ...  75783.45  75800.61  4.57969

[5 rows x 7 columns] 
>>>>>

2026-05-26 22:22:55,188 - __main__ - INFO - pipeline:183 - 
>>>>>
                 datetime      open      high       low     close     volume
2108 2026-05-26 21:15:00  75896.01  76057.34  75888.85  76048.64   76.28258
2109 2026-05-26 21:30:00  76048.64  76079.08  75985.10  76001.96   46.55931
2110 2026-05-26 21:45:00  76001.97  76044.01  75866.67  75890.00   74.79109
2111 2026-05-26 22:00:00  75890.00  75998.94  75720.45  75792.05  131.26341
2112 2026-05-26 22:15:00  75792.06  75841.23  75752.44  75800.61   47.59617 
>>>>>

2026-05-26 22:22:55,308 - __main__ - INFO - pipeline:86 - Точность модели на Train: 73.46 %
2026-05-26 22:22:55,315 - __main__ - INFO - pipeline:90 - Важность фичи номер 0: > 7.36 % <
2026-05-26 22:22:55,329 - __main__ - INFO - pipeline:90 - Важность фичи номер 1: > 78.74 % <
2026-05-26 22:22:55,342 - __main__ - INFO - pipeline:90 - Важность фичи номер 2: > 13.91 % <
2026-05-26 22:22:55,359 - __main__ - INFO - pipeline:94 - Точность модели на Test: 71.43 %
2026-05-26 22:22:55,371 - __main__ - INFO - pipeline:103 - tradingSignal = short
2026-05-26 22:22:55,455 - __main__ - INFO - pipeline:123 - Saved BTC 15min -> short with id=7
2026-05-26 22:23:00,125 - __main__ - INFO - pipeline:149 - binance_btc is exist! Fetched last 31680 rows
2026-05-26 22:23:00,144 - __main__ - INFO - pipeline:171 - 
>>>>>
         index            datetime      open  ...       low     close   volume
31675  525598 2026-05-26 22:16:00  75762.01  ...  75753.17  75779.56  9.94993
31676  525599 2026-05-26 22:17:00  75779.56  ...  75770.87  75815.58  5.49927
31677  525600 2026-05-26 22:18:00  75815.57  ...  75815.57  75838.32  5.09519
31678  525601 2026-05-26 22:19:00  75838.00  ...  75788.00  75788.00  3.39679
31679  525602 2026-05-26 22:20:00  75788.00  ...  75783.45  75800.61  4.57969

[5 rows x 7 columns] 
>>>>>

2026-05-26 22:23:00,165 - __main__ - INFO - pipeline:183 - 
>>>>>
                 datetime      open      high       low     close     volume
2108 2026-05-26 21:15:00  75896.01  76057.34  75888.85  76048.64   76.28258
2109 2026-05-26 21:30:00  76048.64  76079.08  75985.10  76001.96   46.55931
2110 2026-05-26 21:45:00  76001.97  76044.01  75866.67  75890.00   74.79109
2111 2026-05-26 22:00:00  75890.00  75998.94  75720.45  75792.05  131.26341
2112 2026-05-26 22:15:00  75792.06  75841.23  75752.44  75800.61   47.59617 
>>>>>

2026-05-26 22:23:00,276 - __main__ - INFO - pipeline:86 - Точность модели на Train: 73.46 %
2026-05-26 22:23:00,283 - __main__ - INFO - pipeline:90 - Важность фичи номер 0: > 7.36 % <
2026-05-26 22:23:00,296 - __main__ - INFO - pipeline:90 - Важность фичи номер 1: > 78.74 % <
2026-05-26 22:23:00,309 - __main__ - INFO - pipeline:90 - Важность фичи номер 2: > 13.91 % <
2026-05-26 22:23:00,322 - __main__ - INFO - pipeline:94 - Точность модели на Test: 71.43 %
2026-05-26 22:23:00,332 - __main__ - INFO - pipeline:103 - tradingSignal = short
2026-05-26 22:23:00,359 - __main__ - INFO - pipeline:123 - Saved BTC 15min -> short with id=8
2026-05-26 22:23:05,236 - __main__ - INFO - pipeline:149 - binance_btc is exist! Fetched last 31680 rows
2026-05-26 22:23:05,256 - __main__ - INFO - pipeline:171 - 
>>>>>
         index            datetime      open  ...       low     close   volume
31675  525598 2026-05-26 22:16:00  75762.01  ...  75753.17  75779.56  9.94993
31676  525599 2026-05-26 22:17:00  75779.56  ...  75770.87  75815.58  5.49927
31677  525600 2026-05-26 22:18:00  75815.57  ...  75815.57  75838.32  5.09519
31678  525601 2026-05-26 22:19:00  75838.00  ...  75788.00  75788.00  3.39679
31679  525602 2026-05-26 22:20:00  75788.00  ...  75783.45  75800.61  4.57969

[5 rows x 7 columns] 
>>>>>

2026-05-26 22:23:05,278 - __main__ - INFO - pipeline:183 - 
>>>>>
                 datetime      open      high       low     close     volume
2108 2026-05-26 21:15:00  75896.01  76057.34  75888.85  76048.64   76.28258
2109 2026-05-26 21:30:00  76048.64  76079.08  75985.10  76001.96   46.55931
2110 2026-05-26 21:45:00  76001.97  76044.01  75866.67  75890.00   74.79109
2111 2026-05-26 22:00:00  75890.00  75998.94  75720.45  75792.05  131.26341
2112 2026-05-26 22:15:00  75792.06  75841.23  75752.44  75800.61   47.59617 
>>>>>

2026-05-26 22:23:05,393 - __main__ - INFO - pipeline:86 - Точность модели на Train: 73.46 %
2026-05-26 22:23:05,401 - __main__ - INFO - pipeline:90 - Важность фичи номер 0: > 7.36 % <
2026-05-26 22:23:05,413 - __main__ - INFO - pipeline:90 - Важность фичи номер 1: > 78.74 % <
2026-05-26 22:23:05,427 - __main__ - INFO - pipeline:90 - Важность фичи номер 2: > 13.91 % <
2026-05-26 22:23:05,442 - __main__ - INFO - pipeline:94 - Точность модели на Test: 71.43 %
2026-05-26 22:23:05,456 - __main__ - INFO - pipeline:103 - tradingSignal = short
2026-05-26 22:23:05,483 - __main__ - INFO - pipeline:123 - Saved BTC 15min -> short with id=9
2026-05-26 22:23:11,343 - __main__ - INFO - pipeline:149 - binance_btc is exist! Fetched last 31680 rows
2026-05-26 22:23:11,362 - __main__ - INFO - pipeline:171 - 
>>>>>
         index            datetime      open  ...       low     close   volume
31675  525598 2026-05-26 22:16:00  75762.01  ...  75753.17  75779.56  9.94993
31676  525599 2026-05-26 22:17:00  75779.56  ...  75770.87  75815.58  5.49927
31677  525600 2026-05-26 22:18:00  75815.57  ...  75815.57  75838.32  5.09519
31678  525601 2026-05-26 22:19:00  75838.00  ...  75788.00  75788.00  3.39679
31679  525602 2026-05-26 22:20:00  75788.00  ...  75783.45  75800.61  4.57969

[5 rows x 7 columns] 
>>>>>

2026-05-26 22:23:11,384 - __main__ - INFO - pipeline:183 - 
>>>>>
                 datetime      open      high       low     close     volume
2108 2026-05-26 21:15:00  75896.01  76057.34  75888.85  76048.64   76.28258
2109 2026-05-26 21:30:00  76048.64  76079.08  75985.10  76001.96   46.55931
2110 2026-05-26 21:45:00  76001.97  76044.01  75866.67  75890.00   74.79109
2111 2026-05-26 22:00:00  75890.00  75998.94  75720.45  75792.05  131.26341
2112 2026-05-26 22:15:00  75792.06  75841.23  75752.44  75800.61   47.59617 
>>>>>

2026-05-26 22:23:11,499 - __main__ - INFO - pipeline:86 - Точность модели на Train: 73.46 %
2026-05-26 22:23:11,506 - __main__ - INFO - pipeline:90 - Важность фичи номер 0: > 7.36 % <
2026-05-26 22:23:11,539 - __main__ - INFO - pipeline:90 - Важность фичи номер 1: > 78.74 % <
2026-05-26 22:23:11,551 - __main__ - INFO - pipeline:90 - Важность фичи номер 2: > 13.91 % <
2026-05-26 22:23:11,565 - __main__ - INFO - pipeline:94 - Точность модели на Test: 71.43 %
2026-05-26 22:23:11,577 - __main__ - INFO - pipeline:103 - tradingSignal = short
2026-05-26 22:23:11,605 - __main__ - INFO - pipeline:123 - Saved BTC 15min -> short with id=10
2026-05-26 22:23:19,030 - __main__ - INFO - pipeline:149 - binance_btc is exist! Fetched last 31680 rows
2026-05-26 22:23:19,049 - __main__ - INFO - pipeline:171 - 
>>>>>
         index            datetime      open  ...       low     close   volume
31675  525598 2026-05-26 22:16:00  75762.01  ...  75753.17  75779.56  9.94993
31676  525599 2026-05-26 22:17:00  75779.56  ...  75770.87  75815.58  5.49927
31677  525600 2026-05-26 22:18:00  75815.57  ...  75815.57  75838.32  5.09519
31678  525601 2026-05-26 22:19:00  75838.00  ...  75788.00  75788.00  3.39679
31679  525602 2026-05-26 22:20:00  75788.00  ...  75783.45  75800.61  4.57969

[5 rows x 7 columns] 
>>>>>

2026-05-26 22:23:19,071 - __main__ - INFO - pipeline:183 - 
>>>>>
                 datetime      open      high       low     close     volume
2108 2026-05-26 21:15:00  75896.01  76057.34  75888.85  76048.64   76.28258
2109 2026-05-26 21:30:00  76048.64  76079.08  75985.10  76001.96   46.55931
2110 2026-05-26 21:45:00  76001.97  76044.01  75866.67  75890.00   74.79109
2111 2026-05-26 22:00:00  75890.00  75998.94  75720.45  75792.05  131.26341
2112 2026-05-26 22:15:00  75792.06  75841.23  75752.44  75800.61   47.59617 
>>>>>

2026-05-26 22:23:19,184 - __main__ - INFO - pipeline:86 - Точность модели на Train: 73.46 %
2026-05-26 22:23:19,191 - __main__ - INFO - pipeline:90 - Важность фичи номер 0: > 7.36 % <
2026-05-26 22:23:19,204 - __main__ - INFO - pipeline:90 - Важность фичи номер 1: > 78.74 % <
2026-05-26 22:23:19,217 - __main__ - INFO - pipeline:90 - Важность фичи номер 2: > 13.91 % <
2026-05-26 22:23:19,232 - __main__ - INFO - pipeline:94 - Точность модели на Test: 71.43 %
2026-05-26 22:23:19,243 - __main__ - INFO - pipeline:103 - tradingSignal = short
2026-05-26 22:23:19,269 - __main__ - INFO - pipeline:123 - Saved BTC 15min -> short with id=11
2026-05-26 22:23:29,725 - __main__ - INFO - pipeline:149 - binance_btc is exist! Fetched last 31680 rows
2026-05-26 22:23:29,742 - __main__ - INFO - pipeline:171 - 
>>>>>
         index            datetime      open  ...       low     close   volume
31675  525598 2026-05-26 22:16:00  75762.01  ...  75753.17  75779.56  9.94993
31676  525599 2026-05-26 22:17:00  75779.56  ...  75770.87  75815.58  5.49927
31677  525600 2026-05-26 22:18:00  75815.57  ...  75815.57  75838.32  5.09519
31678  525601 2026-05-26 22:19:00  75838.00  ...  75788.00  75788.00  3.39679
31679  525602 2026-05-26 22:20:00  75788.00  ...  75783.45  75800.61  4.57969

[5 rows x 7 columns] 
>>>>>

2026-05-26 22:23:29,763 - __main__ - INFO - pipeline:183 - 
>>>>>
                 datetime      open      high       low     close     volume
2108 2026-05-26 21:15:00  75896.01  76057.34  75888.85  76048.64   76.28258
2109 2026-05-26 21:30:00  76048.64  76079.08  75985.10  76001.96   46.55931
2110 2026-05-26 21:45:00  76001.97  76044.01  75866.67  75890.00   74.79109
2111 2026-05-26 22:00:00  75890.00  75998.94  75720.45  75792.05  131.26341
2112 2026-05-26 22:15:00  75792.06  75841.23  75752.44  75800.61   47.59617 
>>>>>

2026-05-26 22:23:29,874 - __main__ - INFO - pipeline:86 - Точность модели на Train: 73.46 %
2026-05-26 22:23:29,882 - __main__ - INFO - pipeline:90 - Важность фичи номер 0: > 7.36 % <
2026-05-26 22:23:29,897 - __main__ - INFO - pipeline:90 - Важность фичи номер 1: > 78.74 % <
2026-05-26 22:23:29,911 - __main__ - INFO - pipeline:90 - Важность фичи номер 2: > 13.91 % <
2026-05-26 22:23:29,927 - __main__ - INFO - pipeline:94 - Точность модели на Test: 71.43 %
2026-05-26 22:23:29,940 - __main__ - INFO - pipeline:103 - tradingSignal = short
2026-05-26 22:23:29,966 - __main__ - INFO - pipeline:123 - Saved BTC 15min -> short with id=12
2026-05-26 22:23:47,328 - __main__ - INFO - pipeline:149 - binance_btc is exist! Fetched last 31680 rows
2026-05-26 22:23:47,349 - __main__ - INFO - pipeline:171 - 
>>>>>
         index            datetime      open  ...       low     close   volume
31675  525598 2026-05-26 22:16:00  75762.01  ...  75753.17  75779.56  9.94993
31676  525599 2026-05-26 22:17:00  75779.56  ...  75770.87  75815.58  5.49927
31677  525600 2026-05-26 22:18:00  75815.57  ...  75815.57  75838.32  5.09519
31678  525601 2026-05-26 22:19:00  75838.00  ...  75788.00  75788.00  3.39679
31679  525602 2026-05-26 22:20:00  75788.00  ...  75783.45  75800.61  4.57969

[5 rows x 7 columns] 
>>>>>

2026-05-26 22:23:47,373 - __main__ - INFO - pipeline:183 - 
>>>>>
                 datetime      open      high       low     close     volume
2108 2026-05-26 21:15:00  75896.01  76057.34  75888.85  76048.64   76.28258
2109 2026-05-26 21:30:00  76048.64  76079.08  75985.10  76001.96   46.55931
2110 2026-05-26 21:45:00  76001.97  76044.01  75866.67  75890.00   74.79109
2111 2026-05-26 22:00:00  75890.00  75998.94  75720.45  75792.05  131.26341
2112 2026-05-26 22:15:00  75792.06  75841.23  75752.44  75800.61   47.59617 
>>>>>

2026-05-26 22:23:47,483 - __main__ - INFO - pipeline:86 - Точность модели на Train: 73.46 %
2026-05-26 22:23:47,492 - __main__ - INFO - pipeline:90 - Важность фичи номер 0: > 7.36 % <
2026-05-26 22:23:47,503 - __main__ - INFO - pipeline:90 - Важность фичи номер 1: > 78.74 % <
2026-05-26 22:23:47,514 - __main__ - INFO - pipeline:90 - Важность фичи номер 2: > 13.91 % <
2026-05-26 22:23:47,529 - __main__ - INFO - pipeline:94 - Точность модели на Test: 71.43 %
2026-05-26 22:23:47,539 - __main__ - INFO - pipeline:103 - tradingSignal = short
2026-05-26 22:23:47,567 - __main__ - INFO - pipeline:123 - Saved BTC 15min -> short with id=13
2026-05-26 22:24:38,367 - __main__ - INFO - pipeline:149 - binance_btc is exist! Fetched last 31680 rows
2026-05-26 22:24:38,389 - __main__ - INFO - pipeline:171 - 
>>>>>
         index            datetime      open  ...       low     close   volume
31675  525598 2026-05-26 22:16:00  75762.01  ...  75753.17  75779.56  9.94993
31676  525599 2026-05-26 22:17:00  75779.56  ...  75770.87  75815.58  5.49927
31677  525600 2026-05-26 22:18:00  75815.57  ...  75815.57  75838.32  5.09519
31678  525601 2026-05-26 22:19:00  75838.00  ...  75788.00  75788.00  3.39679
31679  525602 2026-05-26 22:20:00  75788.00  ...  75783.45  75800.61  4.57969

[5 rows x 7 columns] 
>>>>>

2026-05-26 22:24:38,413 - __main__ - INFO - pipeline:183 - 
>>>>>
                 datetime      open      high       low     close     volume
2108 2026-05-26 21:15:00  75896.01  76057.34  75888.85  76048.64   76.28258
2109 2026-05-26 21:30:00  76048.64  76079.08  75985.10  76001.96   46.55931
2110 2026-05-26 21:45:00  76001.97  76044.01  75866.67  75890.00   74.79109
2111 2026-05-26 22:00:00  75890.00  75998.94  75720.45  75792.05  131.26341
2112 2026-05-26 22:15:00  75792.06  75841.23  75752.44  75800.61   47.59617 
>>>>>

2026-05-26 22:24:38,531 - __main__ - INFO - pipeline:86 - Точность модели на Train: 73.46 %
2026-05-26 22:24:38,539 - __main__ - INFO - pipeline:90 - Важность фичи номер 0: > 7.36 % <
2026-05-26 22:24:38,553 - __main__ - INFO - pipeline:90 - Важность фичи номер 1: > 78.74 % <
2026-05-26 22:24:38,568 - __main__ - INFO - pipeline:90 - Важность фичи номер 2: > 13.91 % <
2026-05-26 22:24:38,585 - __main__ - INFO - pipeline:94 - Точность модели на Test: 71.43 %
2026-05-26 22:24:38,597 - __main__ - INFO - pipeline:103 - tradingSignal = short
2026-05-26 22:24:38,632 - __main__ - INFO - pipeline:123 - Saved BTC 15min -> short with id=40
2026-05-26 22:24:42,882 - __main__ - INFO - pipeline:149 - binance_btc is exist! Fetched last 31680 rows
2026-05-26 22:24:42,898 - __main__ - INFO - pipeline:171 - 
>>>>>
         index            datetime      open  ...       low     close   volume
31675  525598 2026-05-26 22:16:00  75762.01  ...  75753.17  75779.56  9.94993
31676  525599 2026-05-26 22:17:00  75779.56  ...  75770.87  75815.58  5.49927
31677  525600 2026-05-26 22:18:00  75815.57  ...  75815.57  75838.32  5.09519
31678  525601 2026-05-26 22:19:00  75838.00  ...  75788.00  75788.00  3.39679
31679  525602 2026-05-26 22:20:00  75788.00  ...  75783.45  75800.61  4.57969

[5 rows x 7 columns] 
>>>>>

2026-05-26 22:24:42,919 - __main__ - INFO - pipeline:183 - 
>>>>>
                 datetime      open      high       low     close     volume
2108 2026-05-26 21:15:00  75896.01  76057.34  75888.85  76048.64   76.28258
2109 2026-05-26 21:30:00  76048.64  76079.08  75985.10  76001.96   46.55931
2110 2026-05-26 21:45:00  76001.97  76044.01  75866.67  75890.00   74.79109
2111 2026-05-26 22:00:00  75890.00  75998.94  75720.45  75792.05  131.26341
2112 2026-05-26 22:15:00  75792.06  75841.23  75752.44  75800.61   47.59617 
>>>>>

2026-05-26 22:24:43,025 - __main__ - INFO - pipeline:86 - Точность модели на Train: 73.46 %
2026-05-26 22:24:43,031 - __main__ - INFO - pipeline:90 - Важность фичи номер 0: > 7.36 % <
2026-05-26 22:24:43,044 - __main__ - INFO - pipeline:90 - Важность фичи номер 1: > 78.74 % <
2026-05-26 22:24:43,057 - __main__ - INFO - pipeline:90 - Важность фичи номер 2: > 13.91 % <
2026-05-26 22:24:43,070 - __main__ - INFO - pipeline:94 - Точность модели на Test: 71.43 %
2026-05-26 22:24:43,082 - __main__ - INFO - pipeline:103 - tradingSignal = short
2026-05-26 22:24:43,106 - __main__ - INFO - pipeline:123 - Saved BTC 15min -> short with id=41
2026-05-26 22:24:47,574 - __main__ - INFO - pipeline:149 - binance_btc is exist! Fetched last 31680 rows
2026-05-26 22:24:47,592 - __main__ - INFO - pipeline:171 - 
>>>>>
         index            datetime      open  ...       low     close   volume
31675  525598 2026-05-26 22:16:00  75762.01  ...  75753.17  75779.56  9.94993
31676  525599 2026-05-26 22:17:00  75779.56  ...  75770.87  75815.58  5.49927
31677  525600 2026-05-26 22:18:00  75815.57  ...  75815.57  75838.32  5.09519
31678  525601 2026-05-26 22:19:00  75838.00  ...  75788.00  75788.00  3.39679
31679  525602 2026-05-26 22:20:00  75788.00  ...  75783.45  75800.61  4.57969

[5 rows x 7 columns] 
>>>>>

2026-05-26 22:24:47,615 - __main__ - INFO - pipeline:183 - 
>>>>>
                 datetime      open      high       low     close     volume
2108 2026-05-26 21:15:00  75896.01  76057.34  75888.85  76048.64   76.28258
2109 2026-05-26 21:30:00  76048.64  76079.08  75985.10  76001.96   46.55931
2110 2026-05-26 21:45:00  76001.97  76044.01  75866.67  75890.00   74.79109
2111 2026-05-26 22:00:00  75890.00  75998.94  75720.45  75792.05  131.26341
2112 2026-05-26 22:15:00  75792.06  75841.23  75752.44  75800.61   47.59617 
>>>>>

2026-05-26 22:24:47,729 - __main__ - INFO - pipeline:86 - Точность модели на Train: 73.46 %
2026-05-26 22:24:47,736 - __main__ - INFO - pipeline:90 - Важность фичи номер 0: > 7.36 % <
2026-05-26 22:24:47,749 - __main__ - INFO - pipeline:90 - Важность фичи номер 1: > 78.74 % <
2026-05-26 22:24:47,761 - __main__ - INFO - pipeline:90 - Важность фичи номер 2: > 13.91 % <
2026-05-26 22:24:47,778 - __main__ - INFO - pipeline:94 - Точность модели на Test: 71.43 %
2026-05-26 22:24:47,790 - __main__ - INFO - pipeline:103 - tradingSignal = short
2026-05-26 22:24:47,818 - __main__ - INFO - pipeline:123 - Saved BTC 15min -> short with id=42
2026-05-26 22:24:52,217 - __main__ - INFO - pipeline:149 - binance_btc is exist! Fetched last 31680 rows
2026-05-26 22:24:52,236 - __main__ - INFO - pipeline:171 - 
>>>>>
         index            datetime      open  ...       low     close   volume
31675  525598 2026-05-26 22:16:00  75762.01  ...  75753.17  75779.56  9.94993
31676  525599 2026-05-26 22:17:00  75779.56  ...  75770.87  75815.58  5.49927
31677  525600 2026-05-26 22:18:00  75815.57  ...  75815.57  75838.32  5.09519
31678  525601 2026-05-26 22:19:00  75838.00  ...  75788.00  75788.00  3.39679
31679  525602 2026-05-26 22:20:00  75788.00  ...  75783.45  75800.61  4.57969

[5 rows x 7 columns] 
>>>>>

2026-05-26 22:24:52,253 - __main__ - INFO - pipeline:183 - 
>>>>>
                 datetime      open      high       low     close     volume
2108 2026-05-26 21:15:00  75896.01  76057.34  75888.85  76048.64   76.28258
2109 2026-05-26 21:30:00  76048.64  76079.08  75985.10  76001.96   46.55931
2110 2026-05-26 21:45:00  76001.97  76044.01  75866.67  75890.00   74.79109
2111 2026-05-26 22:00:00  75890.00  75998.94  75720.45  75792.05  131.26341
2112 2026-05-26 22:15:00  75792.06  75841.23  75752.44  75800.61   47.59617 
>>>>>

2026-05-26 22:24:52,360 - __main__ - INFO - pipeline:86 - Точность модели на Train: 73.46 %
2026-05-26 22:24:52,366 - __main__ - INFO - pipeline:90 - Важность фичи номер 0: > 7.36 % <
2026-05-26 22:24:52,379 - __main__ - INFO - pipeline:90 - Важность фичи номер 1: > 78.74 % <
2026-05-26 22:24:52,389 - __main__ - INFO - pipeline:90 - Важность фичи номер 2: > 13.91 % <
2026-05-26 22:24:52,403 - __main__ - INFO - pipeline:94 - Точность модели на Test: 71.43 %
2026-05-26 22:24:52,413 - __main__ - INFO - pipeline:103 - tradingSignal = short
2026-05-26 22:24:52,439 - __main__ - INFO - pipeline:123 - Saved BTC 15min -> short with id=43
