2026-05-09 16:46:25,455 - DATAMINER:dms - INFO - Hello, world!
2026-05-09 16:50:40,936 - DATAMINER:dms - INFO - Hello, world!
2026-05-09 16:50:40,939 - DATAMINER:dms - INFO - Hello, world!
2026-05-09 16:50:40,949 - DATAMINER:dms - INFO - Hello, world!
2026-05-09 16:50:40,949 - DATAMINER:dms - INFO - Hello, world!
2026-05-09 16:50:40,949 - DATAMINER:dms - INFO - Hello, world!
2026-05-09 16:50:40,952 - DATAMINER:dms - INFO - Hello, world!
2026-05-09 16:50:40,952 - DATAMINER:dms - INFO - Hello, world!
2026-05-09 16:50:40,952 - DATAMINER:dms - INFO - Hello, world!
2026-05-09 16:50:40,952 - DATAMINER:dms - INFO - Hello, world!
2026-05-09 16:50:40,952 - DATAMINER:dms - INFO - Hello, world!
2026-05-09 17:08:02,565 - DATAMINER:dms - INFO - Hello, world!
2026-05-09 17:08:02,571 - DATAMINER:dms - INFO - ---
2026-05-09 17:08:02,572 - DATAMINER:dms - INFO - Hello, world!
2026-05-09 17:08:02,572 - DATAMINER:dms - INFO - ---
2026-05-09 17:08:02,573 - DATAMINER:dms - INFO - Hello, world!
2026-05-09 17:08:02,573 - DATAMINER:dms - INFO - ---
2026-05-09 17:08:02,574 - DATAMINER:dms - INFO - Hello, world!
2026-05-09 17:08:02,574 - DATAMINER:dms - INFO - ---
2026-05-09 17:08:02,575 - DATAMINER:dms - INFO - Hello, world!
2026-05-09 17:08:02,575 - DATAMINER:dms - INFO - ---
2026-05-09 17:08:02,575 - DATAMINER:dms - INFO - Hello, world!
2026-05-09 17:08:02,576 - DATAMINER:dms - INFO - ---
2026-05-09 17:08:02,576 - DATAMINER:dms - INFO - Hello, world!
2026-05-09 17:08:02,576 - DATAMINER:dms - INFO - ---
2026-05-09 17:08:02,576 - DATAMINER:dms - INFO - Hello, world!
2026-05-09 17:08:02,576 - DATAMINER:dms - INFO - ---
2026-05-09 17:08:02,576 - DATAMINER:dms - INFO - Hello, world!
2026-05-09 17:08:02,576 - DATAMINER:dms - INFO - ---
2026-05-09 17:08:02,576 - DATAMINER:dms - INFO - Hello, world!
2026-05-09 17:08:02,576 - DATAMINER:dms - INFO - ---
2026-05-09 17:08:02,576 - DATAMINER:dms - INFO - Hello, world!
2026-05-09 17:08:02,576 - DATAMINER:dms - INFO - ---
2026-05-09 17:08:02,576 - DATAMINER:dms - INFO - Hello, world!
2026-05-09 17:08:02,576 - DATAMINER:dms - INFO - ---
2026-05-09 17:08:02,576 - DATAMINER:dms - INFO - Hello, world!
2026-05-09 17:08:02,576 - DATAMINER:dms - INFO - ---
2026-05-09 17:08:02,576 - DATAMINER:dms - INFO - Hello, world!
2026-05-09 17:08:02,576 - DATAMINER:dms - INFO - ---
2026-05-09 17:08:02,576 - DATAMINER:dms - INFO - Hello, world!
2026-05-09 17:08:02,576 - DATAMINER:dms - INFO - ---
2026-05-09 17:08:02,586 - DATAMINER:dms - INFO - Hello, world!
2026-05-09 17:08:02,586 - DATAMINER:dms - INFO - ---
2026-05-09 17:08:02,586 - DATAMINER:dms - INFO - Hello, world!
2026-05-09 17:08:02,586 - DATAMINER:dms - INFO - ---
2026-05-09 17:08:02,586 - DATAMINER:dms - INFO - Hello, world!
2026-05-09 17:08:02,586 - DATAMINER:dms - INFO - ---
2026-05-09 17:08:02,586 - DATAMINER:dms - INFO - Hello, world!
2026-05-09 17:08:02,591 - DATAMINER:dms - INFO - ---
2026-05-09 17:08:02,591 - DATAMINER:dms - INFO - Hello, world!
2026-05-09 17:08:02,591 - DATAMINER:dms - INFO - ---
2026-05-09 17:11:27,218 - DATAMINER:dms - INFO - Hello, world!
2026-05-09 17:11:27,224 - DATAMINER:dms - INFO - ---
2026-05-09 17:11:27,224 - DATAMINER:dms - INFO - Hello, world!
2026-05-09 17:11:27,225 - DATAMINER:dms - INFO - ---
2026-05-09 17:11:27,226 - DATAMINER:dms - INFO - Hello, world!
2026-05-09 17:11:27,226 - DATAMINER:dms - INFO - ---
2026-05-09 17:11:27,227 - DATAMINER:dms - INFO - Hello, world!
2026-05-09 17:11:27,227 - DATAMINER:dms - INFO - ---
2026-05-09 17:11:27,229 - DATAMINER:dms - INFO - Hello, world!
2026-05-09 17:11:27,229 - DATAMINER:dms - INFO - ---
2026-05-09 17:11:27,230 - DATAMINER:dms - INFO - Hello, world!
2026-05-09 17:11:27,230 - DATAMINER:dms - INFO - ---
2026-05-09 17:11:27,231 - DATAMINER:dms - INFO - Hello, world!
2026-05-09 17:11:27,231 - DATAMINER:dms - INFO - ---
2026-05-09 17:11:27,232 - DATAMINER:dms - INFO - Hello, world!
2026-05-09 17:11:27,232 - DATAMINER:dms - INFO - ---
2026-05-09 17:11:27,233 - DATAMINER:dms - INFO - Hello, world!
2026-05-09 17:11:27,233 - DATAMINER:dms - INFO - ---
2026-05-09 17:11:27,234 - DATAMINER:dms - INFO - Hello, world!
2026-05-09 17:11:27,234 - DATAMINER:dms - INFO - ---
2026-05-09 17:11:27,235 - DATAMINER:dms - INFO - Hello, world!
2026-05-09 17:11:27,235 - DATAMINER:dms - INFO - ---
2026-05-09 17:11:27,236 - DATAMINER:dms - INFO - Hello, world!
2026-05-09 17:11:27,236 - DATAMINER:dms - INFO - ---
2026-05-09 17:11:27,237 - DATAMINER:dms - INFO - Hello, world!
2026-05-09 17:11:27,238 - DATAMINER:dms - INFO - ---
2026-05-09 17:11:27,238 - DATAMINER:dms - INFO - Hello, world!
2026-05-09 17:11:27,239 - DATAMINER:dms - INFO - ---
2026-05-09 17:11:27,239 - DATAMINER:dms - INFO - Hello, world!
2026-05-09 17:11:27,240 - DATAMINER:dms - INFO - ---
2026-05-09 17:11:27,240 - DATAMINER:dms - INFO - Hello, world!
2026-05-09 17:11:27,241 - DATAMINER:dms - INFO - ---
2026-05-09 17:11:27,241 - DATAMINER:dms - INFO - Hello, world!
2026-05-09 17:11:27,242 - DATAMINER:dms - INFO - ---
2026-05-09 17:11:27,242 - DATAMINER:dms - INFO - Hello, world!
2026-05-09 17:11:27,243 - DATAMINER:dms - INFO - ---
2026-05-09 17:11:27,243 - DATAMINER:dms - INFO - Hello, world!
2026-05-09 17:11:27,244 - DATAMINER:dms - INFO - ---
2026-05-09 17:11:27,244 - DATAMINER:dms - INFO - Hello, world!
2026-05-09 17:11:27,245 - DATAMINER:dms - INFO - ---
2026-05-09 17:13:44,347 - DATAMINER:dms - INFO - Hello, world!
2026-05-09 17:13:44,352 - DATAMINER:dms - INFO - ---
2026-05-09 17:13:44,352 - DATAMINER:dms - INFO - Hello, world!
2026-05-09 17:13:44,353 - DATAMINER:dms - INFO - ---
2026-05-09 17:13:44,354 - DATAMINER:dms - INFO - Hello, world!
2026-05-09 17:13:44,355 - DATAMINER:dms - INFO - ---
2026-05-09 17:13:44,356 - DATAMINER:dms - INFO - Hello, world!
2026-05-09 17:13:44,356 - DATAMINER:dms - INFO - ---
2026-05-09 17:13:44,357 - DATAMINER:dms - INFO - Hello, world!
2026-05-09 17:13:44,357 - DATAMINER:dms - INFO - ---
2026-05-09 17:13:44,357 - DATAMINER:dms - INFO - Hello, world!
2026-05-09 17:13:44,358 - DATAMINER:dms - INFO - ---
2026-05-09 17:13:44,358 - DATAMINER:dms - INFO - Hello, world!
2026-05-09 17:13:44,359 - DATAMINER:dms - INFO - ---
2026-05-09 17:13:44,359 - DATAMINER:dms - INFO - Hello, world!
2026-05-09 17:13:44,360 - DATAMINER:dms - INFO - ---
2026-05-09 17:13:44,360 - DATAMINER:dms - INFO - Hello, world!
2026-05-09 17:13:44,361 - DATAMINER:dms - INFO - ---
2026-05-09 17:13:44,361 - DATAMINER:dms - INFO - Hello, world!
2026-05-09 17:13:44,362 - DATAMINER:dms - INFO - ---
2026-05-09 17:13:44,362 - DATAMINER:dms - INFO - Hello, world!
2026-05-09 17:13:44,363 - DATAMINER:dms - INFO - ---
2026-05-09 17:13:44,364 - DATAMINER:dms - INFO - Hello, world!
2026-05-09 17:13:44,364 - DATAMINER:dms - INFO - ---
2026-05-09 17:13:44,365 - DATAMINER:dms - INFO - Hello, world!
2026-05-09 17:13:44,365 - DATAMINER:dms - INFO - ---
2026-05-09 17:13:44,367 - DATAMINER:dms - INFO - Hello, world!
2026-05-09 17:13:44,367 - DATAMINER:dms - INFO - ---
2026-05-09 17:13:44,368 - DATAMINER:dms - INFO - Hello, world!
2026-05-09 17:13:44,368 - DATAMINER:dms - INFO - ---
2026-05-09 17:13:44,369 - DATAMINER:dms - INFO - Hello, world!
2026-05-09 17:13:44,369 - DATAMINER:dms - INFO - ---
2026-05-09 17:13:44,370 - DATAMINER:dms - INFO - Hello, world!
2026-05-09 17:13:44,370 - DATAMINER:dms - INFO - ---
2026-05-09 17:13:44,370 - DATAMINER:dms - INFO - Hello, world!
2026-05-09 17:13:44,371 - DATAMINER:dms - INFO - ---
2026-05-09 17:13:44,373 - DATAMINER:dms - INFO - Hello, world!
2026-05-09 17:13:44,373 - DATAMINER:dms - INFO - ---
2026-05-09 17:13:44,373 - DATAMINER:dms - INFO - Hello, world!
2026-05-09 17:13:44,374 - DATAMINER:dms - INFO - ---
2026-05-09 17:21:26,208 - DATAMINER:dms - CRITICAL - Critical error!!!
Traceback (most recent call last):
  File "F:\media_files\3_ideas_and_projects\IT\DSMLAI_edu\main.py", line 44, in <module>
    main()
  File "F:\media_files\3_ideas_and_projects\IT\DSMLAI_edu\main.py", line 33, in main
    iso_string = initialDatetime.strftime('%Y-%m-%dT%H:%M:%SZ')
                 ^^^^^^^^^^^^^^^
NameError: name 'initialDatetime' is not defined
2026-05-09 17:22:20,272 - DATAMINER:dms - INFO -                datetime      open      high       low     close   volume
0   2026-01-01 00:00:00  87648.21  87648.22  87632.74  87648.00  4.08049
1   2026-01-01 00:01:00  87648.00  87686.79  87647.99  87686.79  8.53093
2   2026-01-01 00:02:00  87686.78  87686.79  87679.28  87682.91  4.08878
3   2026-01-01 00:03:00  87682.91  87701.91  87682.91  87701.90  1.26772
4   2026-01-01 00:04:00  87701.91  87701.91  87701.90  87701.91  0.47668
..                  ...       ...       ...       ...       ...      ...
995 2026-01-01 16:35:00  87971.16  87987.69  87971.16  87983.56  2.02747
996 2026-01-01 16:36:00  87983.57  87983.57  87983.56  87983.57  2.70514
997 2026-01-01 16:37:00  87983.57  87983.57  87966.70  87966.70  1.89439
998 2026-01-01 16:38:00  87966.70  87966.70  87957.19  87964.38  1.59989
999 2026-01-01 16:39:00  87964.38  87964.39  87963.49  87963.49  0.65903

[1000 rows x 6 columns]
2026-05-09 17:23:09,487 - DATAMINER:dms - INFO - End!
2026-05-09 17:23:31,504 - DATAMINER:dms - INFO - End!
2026-05-09 17:24:00,137 - DATAMINER:dms - INFO - End!
2026-05-09 17:24:40,500 - DATAMINER:dms - INFO - End!
2026-05-10 12:44:25,490 - DATAMINER:dms - INFO - End!
2026-05-10 13:18:49,718 - DATAMINER:dms - INFO - End!
2026-05-10 13:28:10,800 - DATAMINER:dms - INFO - End!
2026-05-10 13:29:03,227 - DATAMINER:dms - INFO - End!
2026-05-10 13:29:29,528 - DATAMINER:dms - INFO - End!
2026-05-10 13:33:21,091 - DATAMINER:dms - CRITICAL - Critical error!!!
Traceback (most recent call last):
  File "C:\virtuals\my_venv\Lib\site-packages\pandas\core\indexes\base.py", line 3805, in get_loc
    return self._engine.get_loc(casted_key)
           ^^^^^^^^^^^^^^^^^^^^^^^^^^^^^^^^
  File "index.pyx", line 167, in pandas._libs.index.IndexEngine.get_loc
  File "index.pyx", line 196, in pandas._libs.index.IndexEngine.get_loc
  File "pandas\\_libs\\hashtable_class_helper.pxi", line 7081, in pandas._libs.hashtable.PyObjectHashTable.get_item
  File "pandas\\_libs\\hashtable_class_helper.pxi", line 7089, in pandas._libs.hashtable.PyObjectHashTable.get_item
KeyError: 'datetime'

The above exception was the direct cause of the following exception:

Traceback (most recent call last):
  File "F:\media_files\3_ideas_and_projects\IT\DSMLAI_edu\main.py", line 53, in <module>
    main()
  File "F:\media_files\3_ideas_and_projects\IT\DSMLAI_edu\main.py", line 46, in main
    plt.plot(newDataFrame['datetime'], newDataFrame['close'])
             ~~~~~~~~~~~~^^^^^^^^^^^^
  File "C:\virtuals\my_venv\Lib\site-packages\pandas\core\frame.py", line 4102, in __getitem__
    indexer = self.columns.get_loc(key)
              ^^^^^^^^^^^^^^^^^^^^^^^^^
  File "C:\virtuals\my_venv\Lib\site-packages\pandas\core\indexes\base.py", line 3812, in get_loc
    raise KeyError(key) from err
KeyError: 'datetime'
2026-05-10 13:34:44,636 - DATAMINER:dms - INFO - End!
2026-05-10 13:38:16,959 - DATAMINER:dms - INFO - End!
2026-05-10 14:00:02,127 - DATAMINER:dms - INFO - End!
2026-05-10 14:00:30,962 - DATAMINER:dms - INFO - End!
2026-05-10 14:01:06,310 - DATAMINER:dms - INFO - End!
2026-05-10 14:01:46,810 - DATAMINER:dms - INFO - End!
2026-05-10 14:04:30,921 - DATAMINER:dms - INFO - End!
2026-05-10 14:07:16,030 - DATAMINER:dms - INFO - End!
2026-05-10 14:10:54,537 - DATAMINER:dms - INFO - End!
2026-05-10 14:16:01,440 - DATAMINER:dms - INFO - End!
2026-05-10 14:19:05,651 - DATAMINER:dms - INFO - End!
2026-05-10 14:21:53,824 - DATAMINER:dms - INFO - End!
2026-05-10 14:24:21,018 - DATAMINER:dms - INFO - End!
2026-05-10 15:24:31,531 - DATAMINER:dms - INFO - End!
2026-05-10 15:41:31,214 - DATAMINER:dms - CRITICAL - Critical error!!!
Traceback (most recent call last):
  File "F:\media_files\3_ideas_and_projects\IT\DSMLAI_edu\main.py", line 66, in <module>
    main()
  File "F:\media_files\3_ideas_and_projects\IT\DSMLAI_edu\main.py", line 55, in main
    model.fit(educationX, educationY)
  File "C:\virtuals\my_venv\Lib\site-packages\sklearn\base.py", line 1336, in wrapper
    return fit_method(estimator, *args, **kwargs)
           ^^^^^^^^^^^^^^^^^^^^^^^^^^^^^^^^^^^^^^
  File "C:\virtuals\my_venv\Lib\site-packages\sklearn\linear_model\_base.py", line 630, in fit
    X, y = validate_data(
           ^^^^^^^^^^^^^^
  File "C:\virtuals\my_venv\Lib\site-packages\sklearn\utils\validation.py", line 2919, in validate_data
    X, y = check_X_y(X, y, **check_params)
           ^^^^^^^^^^^^^^^^^^^^^^^^^^^^^^^
  File "C:\virtuals\my_venv\Lib\site-packages\sklearn\utils\validation.py", line 1314, in check_X_y
    X = check_array(
        ^^^^^^^^^^^^
  File "C:\virtuals\my_venv\Lib\site-packages\sklearn\utils\validation.py", line 1060, in check_array
    raise ValueError(msg)
ValueError: Expected 2D array, got 1D array instead:
array=[  0   1   2   3   4   5   6   7   8   9  10  11  12  13  14  15  16  17
  18  19  20  21  22  23  24  25  26  27  28  29  30  31  32  33  34  35
  36  37  38  39  40  41  42  43  44  45  46  47  48  49  50  51  52  53
  54  55  56  57  58  59  60  61  62  63  64  65  66  67  68  69  70  71
  72  73  74  75  76  77  78  79  80  81  82  83  84  85  86  87  88  89
  90  91  92  93  94  95  96  97  98  99 100 101 102 103 104 105 106 107
 108 109 110 111 112 113 114 115 116 117 118 119 120 121 122 123 124 125
 126 127 128 129 130 131 132 133 134 135 136 137 138 139 140 141 142 143
 144 145 146 147 148 149 150 151 152 153 154 155 156 157 158 159 160 161
 162 163 164 165 166 167 168 169 170 171 172 173 174 175 176 177 178 179
 180 181 182 183 184 185 186 187 188 189 190 191 192 193 194 195 196 197
 198 199 200 201 202 203 204 205 206 207 208 209 210 211 212 213 214 215
 216 217 218 219 220 221 222 223 224 225 226 227 228 229 230 231 232 233
 234 235 236 237 238 239 240 241 242 243 244 245 246 247 248 249 250 251
 252 253 254 255 256 257 258 259 260 261 262 263 264 265 266 267 268 269
 270 271 272 273 274 275 276 277 278 279 280 281 282 283 284 285 286 287
 288 289 290 291 292 293 294 295 296 297 298 299 300 301 302 303 304 305
 306 307 308 309 310 311 312 313 314 315 316 317 318 319 320 321 322 323
 324 325 326 327 328 329 330 331 332 333 334 335 336 337 338 339 340 341
 342 343 344 345 346 347 348 349 350 351 352 353 354 355 356 357 358 359
 360 361 362 363 364 365 366 367 368 369 370 371 372 373 374 375 376 377
 378 379 380 381 382 383 384 385 386 387 388 389 390 391 392 393 394 395
 396 397 398 399 400 401 402 403 404 405 406 407 408 409 410 411 412 413
 414 415 416 417 418 419 420 421 422 423 424 425 426 427 428 429 430 431
 432 433 434 435 436 437 438 439 440 441 442 443 444 445 446 447 448 449
 450 451 452 453 454 455 456 457 458 459 460 461 462 463 464 465 466 467
 468 469 470 471 472 473 474 475 476 477 478 479 480 481 482 483 484 485
 486 487 488 489 490 491 492 493 494].
Reshape your data either using array.reshape(-1, 1) if your data has a single feature or array.reshape(1, -1) if it contains a single sample.
2026-05-10 15:42:56,190 - DATAMINER:dms - INFO - [ 94591.79  96984.79  98174.18  98220.5   98363.61 102235.6   96954.61
  95060.61  92552.49  94726.11  94599.99  94545.06  94536.1   96560.86
 100497.35  99987.3  104077.48 104556.23 101331.57 102260.01 106143.82
 103706.66 103910.34 104870.5  104746.85 102620.   102082.83 101335.52
 103733.24 104722.94 102429.56 100635.65  97700.59 101328.52  97763.13
  96612.43  96554.35  96506.8   96444.74  96462.75  97430.82  95778.2
  97869.99  96608.14  97500.48  97569.66  96118.12  95780.    95671.74
  96644.37  98305.    96181.98  96551.01  96258.    91552.88  88680.4
  84250.09  84708.58  84349.94  86064.53  94270.    86220.61  87281.98
  90606.01  89931.89  86801.75  86222.45  80734.37  78595.86  82932.99
  83680.12  81115.78  83983.2   84338.44  82574.53  84010.03  82715.03
  86845.94  84223.39  84088.79  83840.59  86082.5   87498.16  87392.87
  86909.17  87232.01  84424.38  82648.54  82389.99  82550.01  85158.34
  82516.29  83213.09  83889.87  83537.99  78430.    79163.24  76322.42
  82615.22  79607.3   83423.84  85276.9   83760.    84591.58  83643.99
  84030.38  84947.91  84474.69  85077.01  85179.24  87516.23  93442.99
  93691.08  93980.47  94638.68  94628.    93749.3   95011.18  94256.82
  94172.    96489.91  96887.14  95856.42  94277.62  94733.68  96834.02
  97030.5  103261.6  102971.99 104809.53 104118.   102791.32 104103.72
 103507.82 103763.71 103463.9  103126.65 106454.26 105573.74 106849.99
 109643.99 111696.21 107318.3  107761.91 109004.19 109434.79 108938.17
 107781.78 105589.75 103985.48 104591.88 105642.93 105857.99 105376.89
 104696.86 101508.68 104288.44 105552.15 105734.   110263.02 110274.39
 108645.12 105671.73 106066.59 105414.64 105594.01 106794.53 104551.17
 104886.78 104658.59 103297.99 102120.01 100963.87 105333.93 106083.
 107340.58 106947.06 107047.59 107296.79 108356.93 107146.5  105681.14
 108849.6  109584.78 107984.24 108198.12 109203.84 108262.94 108922.98
 111233.99 116010.   117527.66 117420.   119086.64 119841.18 117758.09
 118630.43 119177.56 117924.84 117840.   117265.12 117380.36 119954.42
 118755.99 118340.99 117614.31 117919.99 119415.55 118062.32 117950.76
 117840.3  115764.08 113297.93 112546.35 114208.8  115055.03 114129.75
 114992.27 117472.01 116674.74 116462.25 119294.01 118686.   120134.08
 123306.43 118295.09 117342.05 117380.66 117405.01 116227.05 112872.94
 114271.24 112500.   116935.99 115438.05 113493.59 110111.98 111763.22
 111262.01 112566.9  108377.4  108816.33 108246.35 109237.42 111240.01
 111705.71 110730.87 110659.99 110187.97 111137.34 112065.23 111546.39
 113960.   115482.69 116029.42 115918.29 115268.01 115349.71 116788.96
 116447.59 117073.53 115632.38 115685.63 115232.29 112650.99 111998.8
 113307.   108994.49 109643.46 109635.85 112163.95 114311.96 114048.93
 118594.99 120529.35 122232.   122391.   123482.31 124658.54 121332.95
 123306.   121662.4  112774.5  110644.4  114958.8  115166.   113028.14
 110763.28 108194.28 106431.68 107185.01 108642.78 110532.09 108297.67
 107567.44 110078.18 111004.89 111646.27 114559.4  114107.65 112898.45
 110021.29 108322.88 109608.01 110098.1  110540.68 106583.04 101497.22
 103885.16 101346.04 103339.08 102312.94 104722.96 106011.13 103058.99
 101654.37  99692.02  94594.    95596.24  94261.44  92215.14  92960.83
  91554.96  86637.23  85129.43  84739.74  86830.    88300.01  87369.96
  90484.02  91333.95  90890.7   90802.44  90360.    86286.01  91277.88
  93429.95  92078.06  89330.04  89236.79  90395.31  90634.34  92678.8
  92015.37  92513.38  90268.42  90240.01  88172.17  86432.08  87863.42
  86243.22  85516.41  88136.94  88360.9   88658.86  88620.79  87486.
  87669.45  87225.27  87369.56  87877.01  87952.71  87237.13  88485.49
  87648.22  88839.04  89995.13  90628.01  91529.73  93859.71  93747.97
  91364.16  91099.99  90641.28  90504.7   91013.65  91296.2   95414.
  96951.78  95604.8   95550.94  95147.77  93673.14  92631.    88427.66
  89454.73  89559.67  89600.26  89225.34  86670.36  88347.08  89250.
  89299.99  84650.16  84260.49  78741.09  76968.21  78738.61  75770.21
  73165.83  62909.86  70580.26  69289.38  70330.38  70138.    68841.29
  67082.52  66272.17  68853.96  69822.95  68832.58  68892.43  67503.52
  66461.    67003.73  68020.01  67975.93  67643.4   64656.02  64058.15
  67988.04  67485.18  65872.1   66973.26  65776.47  68830.06  68338.
  72666.77  70890.72  68114.02  67262.91  65971.2   68432.16  69948.63
  70191.86  70541.34  70930.    71211.95  72815.24  74884.67  73909.36
  71246.54  69930.    70510.73  68918.12  67859.    70906.45  70556.74
  71336.53  68820.31  66407.28  66377.03  66010.93  66797.37  68284.48
  68113.92  66901.99  66964.3   67300.42  69034.18  68853.66  71924.22
  71069.93  71787.97  72962.7   73043.16  70740.98  74417.99  74131.55
  74809.99  75154.29  77072.    75691.76  73801.79  75840.97  76336.15
  78178.23  78257.48  77437.13  77625.    78657.55  77371.32  76342.77
  75780.    76346.57  78231.13  78686.85  78568.57  79861.01  80905.52
  81447.01  80006.    80193.17  80678.4   80922.44]
2026-05-10 15:42:56,203 - DATAMINER:dms - INFO - [  0   1   2   3   4   5   6   7   8   9  10  11  12  13  14  15  16  17
  18  19  20  21  22  23  24  25  26  27  28  29  30  31  32  33  34  35
  36  37  38  39  40  41  42  43  44  45  46  47  48  49  50  51  52  53
  54  55  56  57  58  59  60  61  62  63  64  65  66  67  68  69  70  71
  72  73  74  75  76  77  78  79  80  81  82  83  84  85  86  87  88  89
  90  91  92  93  94  95  96  97  98  99 100 101 102 103 104 105 106 107
 108 109 110 111 112 113 114 115 116 117 118 119 120 121 122 123 124 125
 126 127 128 129 130 131 132 133 134 135 136 137 138 139 140 141 142 143
 144 145 146 147 148 149 150 151 152 153 154 155 156 157 158 159 160 161
 162 163 164 165 166 167 168 169 170 171 172 173 174 175 176 177 178 179
 180 181 182 183 184 185 186 187 188 189 190 191 192 193 194 195 196 197
 198 199 200 201 202 203 204 205 206 207 208 209 210 211 212 213 214 215
 216 217 218 219 220 221 222 223 224 225 226 227 228 229 230 231 232 233
 234 235 236 237 238 239 240 241 242 243 244 245 246 247 248 249 250 251
 252 253 254 255 256 257 258 259 260 261 262 263 264 265 266 267 268 269
 270 271 272 273 274 275 276 277 278 279 280 281 282 283 284 285 286 287
 288 289 290 291 292 293 294 295 296 297 298 299 300 301 302 303 304 305
 306 307 308 309 310 311 312 313 314 315 316 317 318 319 320 321 322 323
 324 325 326 327 328 329 330 331 332 333 334 335 336 337 338 339 340 341
 342 343 344 345 346 347 348 349 350 351 352 353 354 355 356 357 358 359
 360 361 362 363 364 365 366 367 368 369 370 371 372 373 374 375 376 377
 378 379 380 381 382 383 384 385 386 387 388 389 390 391 392 393 394 395
 396 397 398 399 400 401 402 403 404 405 406 407 408 409 410 411 412 413
 414 415 416 417 418 419 420 421 422 423 424 425 426 427 428 429 430 431
 432 433 434 435 436 437 438 439 440 441 442 443 444 445 446 447 448 449
 450 451 452 453 454 455 456 457 458 459 460 461 462 463 464 465 466 467
 468 469 470 471 472 473 474 475 476 477 478 479 480 481 482 483 484 485
 486 487 488 489 490 491 492 493 494]
2026-05-10 15:42:56,207 - DATAMINER:dms - CRITICAL - Critical error!!!
Traceback (most recent call last):
  File "F:\media_files\3_ideas_and_projects\IT\DSMLAI_edu\main.py", line 69, in <module>
    main()
  File "F:\media_files\3_ideas_and_projects\IT\DSMLAI_edu\main.py", line 58, in main
    model.fit(educationX, educationY)
  File "C:\virtuals\my_venv\Lib\site-packages\sklearn\base.py", line 1336, in wrapper
    return fit_method(estimator, *args, **kwargs)
           ^^^^^^^^^^^^^^^^^^^^^^^^^^^^^^^^^^^^^^
  File "C:\virtuals\my_venv\Lib\site-packages\sklearn\linear_model\_base.py", line 630, in fit
    X, y = validate_data(
           ^^^^^^^^^^^^^^
  File "C:\virtuals\my_venv\Lib\site-packages\sklearn\utils\validation.py", line 2919, in validate_data
    X, y = check_X_y(X, y, **check_params)
           ^^^^^^^^^^^^^^^^^^^^^^^^^^^^^^^
  File "C:\virtuals\my_venv\Lib\site-packages\sklearn\utils\validation.py", line 1314, in check_X_y
    X = check_array(
        ^^^^^^^^^^^^
  File "C:\virtuals\my_venv\Lib\site-packages\sklearn\utils\validation.py", line 1060, in check_array
    raise ValueError(msg)
ValueError: Expected 2D array, got 1D array instead:
array=[  0   1   2   3   4   5   6   7   8   9  10  11  12  13  14  15  16  17
  18  19  20  21  22  23  24  25  26  27  28  29  30  31  32  33  34  35
  36  37  38  39  40  41  42  43  44  45  46  47  48  49  50  51  52  53
  54  55  56  57  58  59  60  61  62  63  64  65  66  67  68  69  70  71
  72  73  74  75  76  77  78  79  80  81  82  83  84  85  86  87  88  89
  90  91  92  93  94  95  96  97  98  99 100 101 102 103 104 105 106 107
 108 109 110 111 112 113 114 115 116 117 118 119 120 121 122 123 124 125
 126 127 128 129 130 131 132 133 134 135 136 137 138 139 140 141 142 143
 144 145 146 147 148 149 150 151 152 153 154 155 156 157 158 159 160 161
 162 163 164 165 166 167 168 169 170 171 172 173 174 175 176 177 178 179
 180 181 182 183 184 185 186 187 188 189 190 191 192 193 194 195 196 197
 198 199 200 201 202 203 204 205 206 207 208 209 210 211 212 213 214 215
 216 217 218 219 220 221 222 223 224 225 226 227 228 229 230 231 232 233
 234 235 236 237 238 239 240 241 242 243 244 245 246 247 248 249 250 251
 252 253 254 255 256 257 258 259 260 261 262 263 264 265 266 267 268 269
 270 271 272 273 274 275 276 277 278 279 280 281 282 283 284 285 286 287
 288 289 290 291 292 293 294 295 296 297 298 299 300 301 302 303 304 305
 306 307 308 309 310 311 312 313 314 315 316 317 318 319 320 321 322 323
 324 325 326 327 328 329 330 331 332 333 334 335 336 337 338 339 340 341
 342 343 344 345 346 347 348 349 350 351 352 353 354 355 356 357 358 359
 360 361 362 363 364 365 366 367 368 369 370 371 372 373 374 375 376 377
 378 379 380 381 382 383 384 385 386 387 388 389 390 391 392 393 394 395
 396 397 398 399 400 401 402 403 404 405 406 407 408 409 410 411 412 413
 414 415 416 417 418 419 420 421 422 423 424 425 426 427 428 429 430 431
 432 433 434 435 436 437 438 439 440 441 442 443 444 445 446 447 448 449
 450 451 452 453 454 455 456 457 458 459 460 461 462 463 464 465 466 467
 468 469 470 471 472 473 474 475 476 477 478 479 480 481 482 483 484 485
 486 487 488 489 490 491 492 493 494].
Reshape your data either using array.reshape(-1, 1) if your data has a single feature or array.reshape(1, -1) if it contains a single sample.
2026-05-10 15:43:30,357 - DATAMINER:dms - INFO - [88839.04 89995.13 90628.01 91529.73 93859.71 93747.97 91364.16 91099.99
 90641.28 90504.7  91013.65 91296.2  95414.   96951.78 95604.8  95550.94
 95147.77 93673.14 92631.   88427.66 89454.73 89559.67 89600.26 89225.34
 86670.36 88347.08 89250.   89299.99 84650.16 84260.49 78741.09 76968.21
 78738.61 75770.21 73165.83 62909.86 70580.26 69289.38 70330.38 70138.
 68841.29 67082.52 66272.17 68853.96 69822.95 68832.58 68892.43 67503.52
 66461.   67003.73 68020.01 67975.93 67643.4  64656.02 64058.15 67988.04
 67485.18 65872.1  66973.26 65776.47 68830.06 68338.   72666.77 70890.72
 68114.02 67262.91 65971.2  68432.16 69948.63 70191.86 70541.34 70930.
 71211.95 72815.24 74884.67 73909.36 71246.54 69930.   70510.73 68918.12
 67859.   70906.45 70556.74 71336.53 68820.31 66407.28 66377.03 66010.93
 66797.37 68284.48 68113.92 66901.99 66964.3  67300.42 69034.18 68853.66
 71924.22 71069.93 71787.97 72962.7  73043.16 70740.98 74417.99 74131.55
 74809.99 75154.29 77072.   75691.76 73801.79 75840.97 76336.15 78178.23
 78257.48 77437.13 77625.   78657.55 77371.32 76342.77 75780.   76346.57
 78231.13 78686.85 78568.57 79861.01 80905.52 81447.01 80006.   80193.17
 80678.4  80913.81]
2026-05-10 15:43:30,361 - DATAMINER:dms - INFO - [  0   1   2   3   4   5   6   7   8   9  10  11  12  13  14  15  16  17
  18  19  20  21  22  23  24  25  26  27  28  29  30  31  32  33  34  35
  36  37  38  39  40  41  42  43  44  45  46  47  48  49  50  51  52  53
  54  55  56  57  58  59  60  61  62  63  64  65  66  67  68  69  70  71
  72  73  74  75  76  77  78  79  80  81  82  83  84  85  86  87  88  89
  90  91  92  93  94  95  96  97  98  99 100 101 102 103 104 105 106 107
 108 109 110 111 112 113 114 115 116 117 118 119 120 121 122 123 124 125
 126 127 128 129]
2026-05-10 15:43:30,361 - DATAMINER:dms - CRITICAL - Critical error!!!
Traceback (most recent call last):
  File "F:\media_files\3_ideas_and_projects\IT\DSMLAI_edu\main.py", line 69, in <module>
    main()
  File "F:\media_files\3_ideas_and_projects\IT\DSMLAI_edu\main.py", line 58, in main
    model.fit(educationX, educationY)
  File "C:\virtuals\my_venv\Lib\site-packages\sklearn\base.py", line 1336, in wrapper
    return fit_method(estimator, *args, **kwargs)
           ^^^^^^^^^^^^^^^^^^^^^^^^^^^^^^^^^^^^^^
  File "C:\virtuals\my_venv\Lib\site-packages\sklearn\linear_model\_base.py", line 630, in fit
    X, y = validate_data(
           ^^^^^^^^^^^^^^
  File "C:\virtuals\my_venv\Lib\site-packages\sklearn\utils\validation.py", line 2919, in validate_data
    X, y = check_X_y(X, y, **check_params)
           ^^^^^^^^^^^^^^^^^^^^^^^^^^^^^^^
  File "C:\virtuals\my_venv\Lib\site-packages\sklearn\utils\validation.py", line 1314, in check_X_y
    X = check_array(
        ^^^^^^^^^^^^
  File "C:\virtuals\my_venv\Lib\site-packages\sklearn\utils\validation.py", line 1060, in check_array
    raise ValueError(msg)
ValueError: Expected 2D array, got 1D array instead:
array=[  0   1   2   3   4   5   6   7   8   9  10  11  12  13  14  15  16  17
  18  19  20  21  22  23  24  25  26  27  28  29  30  31  32  33  34  35
  36  37  38  39  40  41  42  43  44  45  46  47  48  49  50  51  52  53
  54  55  56  57  58  59  60  61  62  63  64  65  66  67  68  69  70  71
  72  73  74  75  76  77  78  79  80  81  82  83  84  85  86  87  88  89
  90  91  92  93  94  95  96  97  98  99 100 101 102 103 104 105 106 107
 108 109 110 111 112 113 114 115 116 117 118 119 120 121 122 123 124 125
 126 127 128 129].
Reshape your data either using array.reshape(-1, 1) if your data has a single feature or array.reshape(1, -1) if it contains a single sample.
2026-05-10 15:45:25,984 - DATAMINER:dms - INFO - [88839.04 89995.13 90628.01 91529.73 93859.71 93747.97 91364.16 91099.99
 90641.28 90504.7  91013.65 91296.2  95414.   96951.78 95604.8  95550.94
 95147.77 93673.14 92631.   88427.66 89454.73 89559.67 89600.26 89225.34
 86670.36 88347.08 89250.   89299.99 84650.16 84260.49 78741.09 76968.21
 78738.61 75770.21 73165.83 62909.86 70580.26 69289.38 70330.38 70138.
 68841.29 67082.52 66272.17 68853.96 69822.95 68832.58 68892.43 67503.52
 66461.   67003.73 68020.01 67975.93 67643.4  64656.02 64058.15 67988.04
 67485.18 65872.1  66973.26 65776.47 68830.06 68338.   72666.77 70890.72
 68114.02 67262.91 65971.2  68432.16 69948.63 70191.86 70541.34 70930.
 71211.95 72815.24 74884.67 73909.36 71246.54 69930.   70510.73 68918.12
 67859.   70906.45 70556.74 71336.53 68820.31 66407.28 66377.03 66010.93
 66797.37 68284.48 68113.92 66901.99 66964.3  67300.42 69034.18 68853.66
 71924.22 71069.93 71787.97 72962.7  73043.16 70740.98 74417.99 74131.55
 74809.99 75154.29 77072.   75691.76 73801.79 75840.97 76336.15 78178.23
 78257.48 77437.13 77625.   78657.55 77371.32 76342.77 75780.   76346.57
 78231.13 78686.85 78568.57 79861.01 80905.52 81447.01 80006.   80193.17
 80678.4  80922.44]
2026-05-10 15:45:25,992 - DATAMINER:dms - INFO - [[  0]
 [  1]
 [  2]
 [  3]
 [  4]
 [  5]
 [  6]
 [  7]
 [  8]
 [  9]
 [ 10]
 [ 11]
 [ 12]
 [ 13]
 [ 14]
 [ 15]
 [ 16]
 [ 17]
 [ 18]
 [ 19]
 [ 20]
 [ 21]
 [ 22]
 [ 23]
 [ 24]
 [ 25]
 [ 26]
 [ 27]
 [ 28]
 [ 29]
 [ 30]
 [ 31]
 [ 32]
 [ 33]
 [ 34]
 [ 35]
 [ 36]
 [ 37]
 [ 38]
 [ 39]
 [ 40]
 [ 41]
 [ 42]
 [ 43]
 [ 44]
 [ 45]
 [ 46]
 [ 47]
 [ 48]
 [ 49]
 [ 50]
 [ 51]
 [ 52]
 [ 53]
 [ 54]
 [ 55]
 [ 56]
 [ 57]
 [ 58]
 [ 59]
 [ 60]
 [ 61]
 [ 62]
 [ 63]
 [ 64]
 [ 65]
 [ 66]
 [ 67]
 [ 68]
 [ 69]
 [ 70]
 [ 71]
 [ 72]
 [ 73]
 [ 74]
 [ 75]
 [ 76]
 [ 77]
 [ 78]
 [ 79]
 [ 80]
 [ 81]
 [ 82]
 [ 83]
 [ 84]
 [ 85]
 [ 86]
 [ 87]
 [ 88]
 [ 89]
 [ 90]
 [ 91]
 [ 92]
 [ 93]
 [ 94]
 [ 95]
 [ 96]
 [ 97]
 [ 98]
 [ 99]
 [100]
 [101]
 [102]
 [103]
 [104]
 [105]
 [106]
 [107]
 [108]
 [109]
 [110]
 [111]
 [112]
 [113]
 [114]
 [115]
 [116]
 [117]
 [118]
 [119]
 [120]
 [121]
 [122]
 [123]
 [124]
 [125]
 [126]
 [127]
 [128]
 [129]]
2026-05-10 15:45:49,164 - DATAMINER:dms - INFO - End!
2026-05-10 15:55:38,408 - DATAMINER:dms - INFO - End!
2026-05-10 16:01:30,578 - DATAMINER:dms - INFO - End!
2026-05-10 16:05:00,522 - DATAMINER:dms - INFO - End!
2026-05-10 16:05:33,239 - DATAMINER:dms - INFO - End!
2026-05-10 16:07:24,748 - DATAMINER:dms - CRITICAL - Critical error!!!
Traceback (most recent call last):
  File "F:\media_files\3_ideas_and_projects\IT\DSMLAI_edu\main.py", line 84, in <module>
    main()
  File "F:\media_files\3_ideas_and_projects\IT\DSMLAI_edu\main.py", line 71, in main
    model.fit(X_train, Y_train)
  File "C:\virtuals\my_venv\Lib\site-packages\sklearn\base.py", line 1336, in wrapper
    return fit_method(estimator, *args, **kwargs)
           ^^^^^^^^^^^^^^^^^^^^^^^^^^^^^^^^^^^^^^
  File "C:\virtuals\my_venv\Lib\site-packages\sklearn\linear_model\_logistic.py", line 1191, in fit
    X, y = validate_data(
           ^^^^^^^^^^^^^^
  File "C:\virtuals\my_venv\Lib\site-packages\sklearn\utils\validation.py", line 2919, in validate_data
    X, y = check_X_y(X, y, **check_params)
           ^^^^^^^^^^^^^^^^^^^^^^^^^^^^^^^
  File "C:\virtuals\my_venv\Lib\site-packages\sklearn\utils\validation.py", line 1314, in check_X_y
    X = check_array(
        ^^^^^^^^^^^^
  File "C:\virtuals\my_venv\Lib\site-packages\sklearn\utils\validation.py", line 1060, in check_array
    raise ValueError(msg)
ValueError: Expected 2D array, got 1D array instead:
array=[            nan             nan             nan             nan
             nan             nan             nan             nan
             nan -7.85205402e-03 -4.64556299e-03 -2.97416558e-03
  3.65775736e-02  4.71159619e-02  3.06255821e-02  2.80468432e-02
  1.95586143e-02  9.97159366e-04 -1.22394190e-02 -5.49681935e-02
 -4.23964399e-02 -3.94875358e-02 -3.30229789e-02 -2.89722770e-02
 -4.75165710e-02 -2.13419964e-02 -4.83836992e-03  5.98129168e-04
 -4.29443566e-02 -4.28404015e-02 -9.45183077e-02 -1.01901467e-01
 -6.94500238e-02 -9.00617776e-02 -1.06853345e-01 -2.07439278e-01
 -8.93865007e-02 -8.23499310e-02 -5.05572752e-02 -3.47518908e-02
 -3.95114615e-02 -5.09603544e-02 -4.55920455e-02  1.56510093e-03
  2.06231569e-02 -2.48924890e-03  8.26084585e-04 -1.68003312e-02
 -2.64983285e-02 -1.40219609e-02  2.14400147e-03  1.78065309e-04
 -6.71871675e-03 -4.46968866e-02 -4.53996224e-02  1.44406711e-02
  9.05631798e-03 -1.26544082e-02  3.08050694e-03 -1.30300529e-02
  3.15349846e-02  2.36052005e-02  8.03153614e-02  4.42324200e-02
 -2.62751360e-03 -1.40431790e-02 -3.08265733e-02  1.56022146e-03
  1.93161795e-02  1.63213348e-02  1.88570037e-02  2.06495403e-02
  2.68563085e-02  4.70695730e-02  6.64446128e-02  4.26857164e-02
 -2.30545149e-03 -2.27911842e-02 -1.54493541e-02 -3.59726168e-02
 -4.72126832e-02 -4.39145587e-03 -8.38951630e-03  4.65759043e-03
 -2.24301414e-02 -4.65459962e-02 -4.02703823e-02 -4.01246107e-02
 -2.34156429e-02 -7.48248219e-04 -3.61585734e-03 -1.55776597e-02
 -9.42456618e-03  1.52708862e-03  2.70010692e-02  2.06011435e-02
  5.74207061e-02  3.71470783e-02  4.00510365e-02  4.99540166e-02
  4.37085040e-02  5.29824913e-03  4.64675206e-02  3.25212461e-02
  3.36552873e-02  2.94504933e-02  4.83268447e-02  2.31210104e-02
 -5.13369567e-03  1.84035686e-02  2.05402165e-02  3.48773750e-02
  3.06879777e-02  1.54626574e-02  1.41824846e-02  2.29906159e-02
  5.87082083e-03 -8.34020059e-03 -1.81732529e-02 -1.14801636e-02
  1.04415347e-02  1.56604355e-02  1.37266663e-02  2.71898711e-02
  3.62521463e-02  3.94738244e-02  1.76609055e-02  1.50702288e-02
  1.49193716e-02  1.15221459e-02].
Reshape your data either using array.reshape(-1, 1) if your data has a single feature or array.reshape(1, -1) if it contains a single sample.
2026-05-10 16:07:45,578 - DATAMINER:dms - CRITICAL - Critical error!!!
Traceback (most recent call last):
  File "F:\media_files\3_ideas_and_projects\IT\DSMLAI_edu\main.py", line 84, in <module>
    main()
  File "F:\media_files\3_ideas_and_projects\IT\DSMLAI_edu\main.py", line 71, in main
    model.fit(X_train, Y_train)
  File "C:\virtuals\my_venv\Lib\site-packages\sklearn\base.py", line 1336, in wrapper
    return fit_method(estimator, *args, **kwargs)
           ^^^^^^^^^^^^^^^^^^^^^^^^^^^^^^^^^^^^^^
  File "C:\virtuals\my_venv\Lib\site-packages\sklearn\linear_model\_logistic.py", line 1191, in fit
    X, y = validate_data(
           ^^^^^^^^^^^^^^
  File "C:\virtuals\my_venv\Lib\site-packages\sklearn\utils\validation.py", line 2919, in validate_data
    X, y = check_X_y(X, y, **check_params)
           ^^^^^^^^^^^^^^^^^^^^^^^^^^^^^^^
  File "C:\virtuals\my_venv\Lib\site-packages\sklearn\utils\validation.py", line 1314, in check_X_y
    X = check_array(
        ^^^^^^^^^^^^
  File "C:\virtuals\my_venv\Lib\site-packages\sklearn\utils\validation.py", line 1074, in check_array
    _assert_all_finite(
  File "C:\virtuals\my_venv\Lib\site-packages\sklearn\utils\validation.py", line 133, in _assert_all_finite
    _assert_all_finite_element_wise(
  File "C:\virtuals\my_venv\Lib\site-packages\sklearn\utils\validation.py", line 182, in _assert_all_finite_element_wise
    raise ValueError(msg_err)
ValueError: Input X contains NaN.
LogisticRegression does not accept missing values encoded as NaN natively. For supervised learning, you might want to consider sklearn.ensemble.HistGradientBoostingClassifier and Regressor which accept missing values encoded as NaNs natively. Alternatively, it is possible to preprocess the data, for instance by using an imputer transformer in a pipeline or drop samples with missing values. See https://scikit-learn.org/stable/modules/impute.html You can find a list of all estimators that handle NaN values at the following page: https://scikit-learn.org/stable/modules/impute.html#estimators-that-handle-nan-values
2026-05-10 16:09:51,417 - DATAMINER:dms - CRITICAL - Critical error!!!
Traceback (most recent call last):
  File "F:\media_files\3_ideas_and_projects\IT\DSMLAI_edu\main.py", line 86, in <module>
    main()
  File "F:\media_files\3_ideas_and_projects\IT\DSMLAI_edu\main.py", line 75, in main
    dataFrame['classPRE'] = model.predict(X_train)
    ~~~~~~~~~^^^^^^^^^^^^
  File "C:\virtuals\my_venv\Lib\site-packages\pandas\core\frame.py", line 4311, in __setitem__
    self._set_item(key, value)
  File "C:\virtuals\my_venv\Lib\site-packages\pandas\core\frame.py", line 4524, in _set_item
    value, refs = self._sanitize_column(value)
                  ^^^^^^^^^^^^^^^^^^^^^^^^^^^^
  File "C:\virtuals\my_venv\Lib\site-packages\pandas\core\frame.py", line 5266, in _sanitize_column
    com.require_length_match(value, self.index)
  File "C:\virtuals\my_venv\Lib\site-packages\pandas\core\common.py", line 573, in require_length_match
    raise ValueError(
ValueError: Length of values (50) does not match length of index (495)
2026-05-10 16:10:42,141 - DATAMINER:dms - CRITICAL - Critical error!!!
Traceback (most recent call last):
  File "F:\media_files\3_ideas_and_projects\IT\DSMLAI_edu\main.py", line 87, in <module>
    main()
  File "F:\media_files\3_ideas_and_projects\IT\DSMLAI_edu\main.py", line 76, in main
    dataFrame['classPRE'] = model.predict(X_train)
    ~~~~~~~~~^^^^^^^^^^^^
  File "C:\virtuals\my_venv\Lib\site-packages\pandas\core\frame.py", line 4311, in __setitem__
    self._set_item(key, value)
  File "C:\virtuals\my_venv\Lib\site-packages\pandas\core\frame.py", line 4524, in _set_item
    value, refs = self._sanitize_column(value)
                  ^^^^^^^^^^^^^^^^^^^^^^^^^^^^
  File "C:\virtuals\my_venv\Lib\site-packages\pandas\core\frame.py", line 5266, in _sanitize_column
    com.require_length_match(value, self.index)
  File "C:\virtuals\my_venv\Lib\site-packages\pandas\core\common.py", line 573, in require_length_match
    raise ValueError(
ValueError: Length of values (50) does not match length of index (495)
2026-05-10 16:11:45,612 - DATAMINER:dms - INFO - End!
2026-05-10 16:12:25,135 - DATAMINER:dms - INFO - End!
2026-05-10 16:14:20,056 - DATAMINER:dms - INFO - End!
2026-05-10 16:15:41,734 - DATAMINER:dms - INFO - End!
